[32minfo[39m: User login API hit... || 2024-03-01 10:56:26 
[31merror[39m: Users Details : undefined---Invalid credentials || 2024-03-01 10:56:26 
[32minfo[39m: Get individual post hit ... || 2024-03-01 10:56:31 
[32minfo[39m: Get Trending Posts API hit ... || 2024-03-01 10:56:31 
[32minfo[39m: get Category post hit ... || 2024-03-01 10:56:31 
[32minfo[39m: get Category post hit ... || 2024-03-01 10:56:31 
[32minfo[39m: get Category post hit ... || 2024-03-01 10:56:31 
[32minfo[39m: get Category post hit ... || 2024-03-01 10:56:31 
[32minfo[39m: get Category post hit ... || 2024-03-01 10:56:31 
[32minfo[39m: Get Trending Posts API hit ... || 2024-03-01 10:56:31 
[32minfo[39m: get Category post hit ... || 2024-03-01 10:56:32 
[32minfo[39m: Get individual post hit ... || 2024-03-01 10:56:32 
[32minfo[39m: Get individual post hit ... || 2024-03-01 11:28:46 
[32minfo[39m: Get individual post hit ... || 2024-03-01 11:28:46 
[32minfo[39m: get Category post hit ... || 2024-03-01 11:28:46 
[32minfo[39m: get Category post hit ... || 2024-03-01 11:28:46 
[32minfo[39m: Get individual post hit ... || 2024-03-01 11:38:43 
[32minfo[39m: Get individual post hit ... || 2024-03-01 11:38:44 
[32minfo[39m: get Category post hit ... || 2024-03-01 11:38:44 
[32minfo[39m: get Category post hit ... || 2024-03-01 11:38:45 
[32minfo[39m: Get individual post hit ... || 2024-03-01 11:55:50 
[32minfo[39m: Get individual post hit ... || 2024-03-01 11:55:50 
[32minfo[39m: get Category post hit ... || 2024-03-01 11:55:50 
[32minfo[39m: get Category post hit ... || 2024-03-01 11:55:50 
[32minfo[39m: Get individual post hit ... || 2024-03-01 12:29:21 
[32minfo[39m: Get Trending Posts API hit ... || 2024-03-01 12:29:21 
[32minfo[39m: get Category post hit ... || 2024-03-01 12:29:21 
[32minfo[39m: get Category post hit ... || 2024-03-01 12:29:21 
[32minfo[39m: get Category post hit ... || 2024-03-01 12:29:21 
[32minfo[39m: Get Trending Posts API hit ... || 2024-03-01 12:29:21 
[32minfo[39m: get Category post hit ... || 2024-03-01 12:29:21 
[32minfo[39m: get Category post hit ... || 2024-03-01 12:29:21 
[32minfo[39m: get Category post hit ... || 2024-03-01 12:29:21 
[32minfo[39m: Get individual post hit ... || 2024-03-01 12:29:22 
[32minfo[39m: Get individual post hit ... || 2024-03-01 12:31:56 
[32minfo[39m: Get individual post hit ... || 2024-03-01 12:31:56 
[32minfo[39m: get Category post hit ... || 2024-03-01 12:31:56 
[32minfo[39m: get Category post hit ... || 2024-03-01 12:31:56 
[32minfo[39m: Get individual post hit ... || 2024-03-01 12:36:09 
[32minfo[39m: get Category post hit ... || 2024-03-01 12:36:10 
[32minfo[39m: Get individual post hit ... || 2024-03-01 12:36:40 
[32minfo[39m: get Category post hit ... || 2024-03-01 12:36:41 
[32minfo[39m: Get individual post hit ... || 2024-03-01 12:45:07 
[32minfo[39m: Get individual post hit ... || 2024-03-01 12:45:07 
[32minfo[39m: get Category post hit ... || 2024-03-01 12:45:07 
[32minfo[39m: get Category post hit ... || 2024-03-01 12:45:07 
[32minfo[39m: Get individual post hit ... || 2024-03-01 13:21:57 
[32minfo[39m: Get individual post hit ... || 2024-03-01 13:21:57 
[32minfo[39m: get Category post hit ... || 2024-03-01 13:21:57 
[32minfo[39m: get Category post hit ... || 2024-03-01 13:21:57 
[32minfo[39m: Get individual post hit ... || 2024-03-01 16:19:04 
[32minfo[39m: Get Trending Posts API hit ... || 2024-03-01 16:19:04 
[32minfo[39m: get Category post hit ... || 2024-03-01 16:19:04 
[32minfo[39m: get Category post hit ... || 2024-03-01 16:19:04 
[32minfo[39m: get Category post hit ... || 2024-03-01 16:19:04 
[32minfo[39m: Get Trending Posts API hit ... || 2024-03-01 16:19:05 
[32minfo[39m: get Category post hit ... || 2024-03-01 16:19:05 
[32minfo[39m: get Category post hit ... || 2024-03-01 16:19:05 
[32minfo[39m: get Category post hit ... || 2024-03-01 16:19:05 
[32minfo[39m: Get individual post hit ... || 2024-03-01 16:19:06 
[32minfo[39m: Server is running on port 2000 || 2024-03-01 16:32:08 
[33mwarn[39m: DEVELOPMENT-Database connection Successful || 2024-03-01 16:32:08 
[32minfo[39m: Server is running on port 2000 || 2024-03-01 16:32:29 
[33mwarn[39m: DEVELOPMENT-Database connection Successful || 2024-03-01 16:32:29 
[32minfo[39m: Server is running on port 2000 || 2024-03-01 16:32:40 
[33mwarn[39m: DEVELOPMENT-Database connection Successful || 2024-03-01 16:32:40 
[32minfo[39m: Server is running on port 2000 || 2024-03-01 16:32:49 
[33mwarn[39m: DEVELOPMENT-Database connection Successful || 2024-03-01 16:32:49 
[32minfo[39m: Server is running on port 2000 || 2024-03-01 16:33:00 
[33mwarn[39m: DEVELOPMENT-Database connection Successful || 2024-03-01 16:33:00 
[32minfo[39m: Server is running on port 2000 || 2024-03-01 16:33:18 
[33mwarn[39m: DEVELOPMENT-Database connection Successful || 2024-03-01 16:33:18 
[32minfo[39m: Server is running on port 2000 || 2024-03-01 16:35:26 
[33mwarn[39m: DEVELOPMENT-Database connection Successful || 2024-03-01 16:35:26 
[32minfo[39m: Server is running on port 2000 || 2024-03-01 16:36:35 
[33mwarn[39m: DEVELOPMENT-Database connection Successful || 2024-03-01 16:36:35 
[32minfo[39m: Server is running on port 2000 || 2024-03-01 16:36:44 
[33mwarn[39m: DEVELOPMENT-Database connection Successful || 2024-03-01 16:36:44 
[32minfo[39m: User login API hit... || 2024-03-01 16:38:22 
[32minfo[39m: Users Details : m2p287---Login success || 2024-03-01 16:38:22 
[32minfo[39m: Get individual post hit ... || 2024-03-01 16:38:22 
[32minfo[39m: Get Trending Posts API hit ... || 2024-03-01 16:38:22 
[32minfo[39m: Get Trending Posts API hit ... || 2024-03-01 16:38:23 
[32minfo[39m: Get individual post hit ... || 2024-03-01 16:38:23 
[32minfo[39m: Server is running on port 2000 || 2024-03-01 16:40:07 
[33mwarn[39m: DEVELOPMENT-Database connection Successful || 2024-03-01 16:40:07 
[32minfo[39m: Get individual post hit ... || 2024-03-01 16:40:09 
[32minfo[39m: Get Trending Posts API hit ... || 2024-03-01 16:40:09 
[32minfo[39m: Get Trending Posts API hit ... || 2024-03-01 16:40:09 
[32minfo[39m: Get individual post hit ... || 2024-03-01 16:40:10 
[32minfo[39m: Server is running on port 2000 || 2024-03-01 16:51:13 
[33mwarn[39m: DEVELOPMENT-Database connection Successful || 2024-03-01 16:51:13 
[32minfo[39m: Get individual post hit ... || 2024-03-01 16:51:31 
[32minfo[39m: Get Trending Posts API hit ... || 2024-03-01 16:51:31 
[32minfo[39m: Get Trending Posts API hit ... || 2024-03-01 16:51:32 
[32minfo[39m: Get individual post hit ... || 2024-03-01 16:51:32 
[32minfo[39m: User login API hit... || 2024-03-01 16:55:07 
[32minfo[39m: Users Details : m2p287---Login success || 2024-03-01 16:55:07 
[32minfo[39m: Server is running on port 2000 || 2024-03-01 17:00:11 
[33mwarn[39m: DEVELOPMENT-Database connection Successful || 2024-03-01 17:00:12 
[32minfo[39m: Server is running on port 2000 || 2024-03-01 17:01:32 
[33mwarn[39m: DEVELOPMENT-Database connection Successful || 2024-03-01 17:01:32 
[32minfo[39m: Server is running on port 2000 || 2024-03-01 17:02:46 
[33mwarn[39m: DEVELOPMENT-Database connection Successful || 2024-03-01 17:02:46 
[32minfo[39m: Server is running on port 2000 || 2024-03-01 17:03:29 
[33mwarn[39m: DEVELOPMENT-Database connection Successful || 2024-03-01 17:03:29 
[32minfo[39m: Server is running on port 2000 || 2024-03-01 17:03:53 
[33mwarn[39m: DEVELOPMENT-Database connection Successful || 2024-03-01 17:03:53 
[32minfo[39m: User login API hit... || 2024-03-01 17:03:59 
[32minfo[39m: Users Details : m2p287---Login success || 2024-03-01 17:03:59 
[31merror[39m: Error getting users: Cannot read properties of undefined (reading 'emit') || 2024-03-01 17:03:59 
[32minfo[39m: Server is running on port 2000 || 2024-03-01 18:13:42 
[33mwarn[39m: DEVELOPMENT-Database connection Successful || 2024-03-01 18:13:42 
[32minfo[39m: Server is running on port 2000 || 2024-03-01 20:40:02 
[33mwarn[39m: DEVELOPMENT-Database connection Successful || 2024-03-01 20:40:02 
[32minfo[39m: Server is running on port 2000 || 2024-03-01 20:48:26 
[33mwarn[39m: DEVELOPMENT-Database connection Successful || 2024-03-01 20:48:26 
[32minfo[39m: Server is running on port 2000 || 2024-03-01 20:55:12 
[33mwarn[39m: DEVELOPMENT-Database connection Successful || 2024-03-01 20:55:12 
[32minfo[39m: Server is running on port 2000 || 2024-03-01 20:55:42 
[33mwarn[39m: DEVELOPMENT-Database connection Successful || 2024-03-01 20:55:42 
[32minfo[39m: Server is running on port 2000 || 2024-03-01 20:57:07 
[33mwarn[39m: DEVELOPMENT-Database connection Successful || 2024-03-01 20:57:07 
[32minfo[39m: Server is running on port 2000 || 2024-03-01 20:57:32 
[33mwarn[39m: DEVELOPMENT-Database connection Successful || 2024-03-01 20:57:32 
[32minfo[39m: Server is running on port 2000 || 2024-03-01 20:59:32 
[33mwarn[39m: DEVELOPMENT-Database connection Successful || 2024-03-01 20:59:32 
[32minfo[39m: Server is running on port 2000 || 2024-03-01 21:00:00 
[33mwarn[39m: DEVELOPMENT-Database connection Successful || 2024-03-01 21:00:00 
[32minfo[39m: Server is running on port 2000 || 2024-03-01 21:01:19 
[33mwarn[39m: DEVELOPMENT-Database connection Successful || 2024-03-01 21:01:19 
[32minfo[39m: Server is running on port 2000 || 2024-03-01 21:03:50 
[33mwarn[39m: DEVELOPMENT-Database connection Successful || 2024-03-01 21:03:50 
