[32minfo[39m: User login API hit... || 2024-02-26 09:30:56 
[31merror[39m: Users Details : undefined---Invalid credentials || 2024-02-26 09:30:56 
[32minfo[39m: User login API hit... || 2024-02-26 09:31:12 
[32minfo[39m: Users Details : Rajeshuuuu---Login success || 2024-02-26 09:31:12 
[32minfo[39m: Get individual post hit ... || 2024-02-26 09:31:12 
[32minfo[39m: Get Trending Posts API hit ... || 2024-02-26 09:31:12 
[32minfo[39m: Get individual post hit ... || 2024-02-26 09:39:16 
[32minfo[39m: Get Trending Posts API hit ... || 2024-02-26 09:39:16 
[32minfo[39m: Server is running on port 2000 || 2024-02-26 09:56:50 
[33mwarn[39m: DEV-Database connection Successfull || 2024-02-26 09:56:50 
[32minfo[39m: Get individual post hit ... || 2024-02-26 09:56:56 
[32minfo[39m: Get Trending Posts API hit ... || 2024-02-26 09:56:56 
[32minfo[39m: Get individual post hit ... || 2024-02-26 09:57:13 
[32minfo[39m: Get Trending Posts API hit ... || 2024-02-26 09:57:13 
[32minfo[39m: Get individual post hit ... || 2024-02-26 09:57:22 
[32minfo[39m: Get individual post hit ... || 2024-02-26 09:57:49 
[32minfo[39m: Get Trending Posts API hit ... || 2024-02-26 09:57:49 
[32minfo[39m: Server is running on port 2000 || 2024-02-26 09:59:00 
[33mwarn[39m: DEV-Database connection Successfull || 2024-02-26 09:59:00 
[32minfo[39m: User login API hit... || 2024-02-26 09:59:03 
[31merror[39m: Users Details : Rajeshuuu---Invalid credentials || 2024-02-26 09:59:03 
[32minfo[39m: User login API hit... || 2024-02-26 09:59:10 
[32minfo[39m: Users Details : Rajeshuuuu---Login success || 2024-02-26 09:59:10 
[32minfo[39m: Get individual post hit ... || 2024-02-26 09:59:10 
[32minfo[39m: Get Trending Posts API hit ... || 2024-02-26 09:59:10 
[32minfo[39m: Get individual post hit ... || 2024-02-26 09:59:21 
[32minfo[39m: Get individual post hit ... || 2024-02-26 09:59:23 
[32minfo[39m: get Category post hit ... || 2024-02-26 09:59:23 
[32minfo[39m: Server is running on port 2000 || 2024-02-26 10:01:30 
[33mwarn[39m: DEV-Database connection Successfull || 2024-02-26 10:01:30 
[32minfo[39m: User login API hit... || 2024-02-26 11:49:24 
[32minfo[39m: Users Details : Rajeshuuuu---Login success || 2024-02-26 11:49:24 
[32minfo[39m: Get individual post hit ... || 2024-02-26 11:49:24 
[32minfo[39m: Get Trending Posts API hit ... || 2024-02-26 11:49:24 
[32minfo[39m: Get individual post hit ... || 2024-02-26 11:49:36 
[32minfo[39m: Get individual post hit ... || 2024-02-26 11:49:37 
[32minfo[39m: get Category post hit ... || 2024-02-26 11:49:37 
[32minfo[39m: Get individual post hit ... || 2024-02-26 11:49:49 
[32minfo[39m: get Category post hit ... || 2024-02-26 11:49:49 
[32minfo[39m: get Category post hit ... || 2024-02-26 11:49:49 
[32minfo[39m: get Category post hit ... || 2024-02-26 11:49:49 
[32minfo[39m: Get Trending Posts API hit ... || 2024-02-26 11:49:49 
[32minfo[39m: Get individual post hit ... || 2024-02-26 11:53:29 
[32minfo[39m: get Category post hit ... || 2024-02-26 11:53:29 
[32minfo[39m: get Category post hit ... || 2024-02-26 11:53:50 
[32minfo[39m: Get individual post hit ... || 2024-02-26 11:53:50 
[32minfo[39m: Get Trending Posts API hit ... || 2024-02-26 11:53:50 
[32minfo[39m: get Category post hit ... || 2024-02-26 11:53:50 
[32minfo[39m: get Category post hit ... || 2024-02-26 11:53:50 
[32minfo[39m: Get individual post hit ... || 2024-02-26 11:53:55 
[32minfo[39m: Get individual post hit ... || 2024-02-26 11:53:56 
[32minfo[39m: Get Trending Posts API hit ... || 2024-02-26 11:53:56 
[32minfo[39m: Server is running on port 2000 || 2024-02-26 12:19:48 
[33mwarn[39m: DEV-Database connection Successfull || 2024-02-26 12:19:48 
[32minfo[39m: Server is running on port 2000 || 2024-02-26 12:19:52 
[33mwarn[39m: DEV-Database connection Successfull || 2024-02-26 12:19:52 
