[32minfo[39m: Get individual post hit  || 2024-03-15 00:20:43 
[32minfo[39m: Get individual post hit  || 2024-03-15 00:20:43 
[32minfo[39m: Get Trending Posts API hit  || 2024-03-15 00:20:43 
[32minfo[39m: get Category post hit  || 2024-03-15 00:20:43 
[32minfo[39m: get Category post hit  || 2024-03-15 00:20:43 
[32minfo[39m: get Category post hit  || 2024-03-15 00:20:43 
[32minfo[39m: Get Trending Posts API hit  || 2024-03-15 00:20:43 
[32minfo[39m: Get individual post hit  || 2024-03-15 00:20:44 
[32minfo[39m: get Category post hit  || 2024-03-15 00:20:44 
[32minfo[39m: get Category post hit  || 2024-03-15 00:20:44 
[32minfo[39m: get Category post hit  || 2024-03-15 00:20:44 
[32minfo[39m: get Category post hit  || 2024-03-15 00:20:44 
[32minfo[39m: get Category post hit  || 2024-03-15 00:20:44 
[32minfo[39m: Get individual post hit  || 2024-03-15 00:20:44 
[32minfo[39m: Get individual post hit  || 2024-03-15 00:35:49 
[32minfo[39m: Get individual post hit  || 2024-03-15 00:35:49 
[32minfo[39m: Get Trending Posts API hit  || 2024-03-15 00:35:49 
[32minfo[39m: get Category post hit  || 2024-03-15 00:35:49 
[32minfo[39m: get Category post hit  || 2024-03-15 00:35:49 
[32minfo[39m: get Category post hit  || 2024-03-15 00:35:49 
[32minfo[39m: Get Trending Posts API hit  || 2024-03-15 00:35:49 
[32minfo[39m: Get individual post hit  || 2024-03-15 00:35:49 
[32minfo[39m: get Category post hit  || 2024-03-15 00:35:49 
[32minfo[39m: get Category post hit  || 2024-03-15 00:35:49 
[32minfo[39m: get Category post hit  || 2024-03-15 00:35:49 
[32minfo[39m: get Category post hit  || 2024-03-15 00:35:49 
[32minfo[39m: get Category post hit  || 2024-03-15 00:35:49 
[32minfo[39m: Get individual post hit  || 2024-03-15 00:35:50 
[32minfo[39m: Get individual post hit  || 2024-03-15 10:20:06 
[32minfo[39m: Get individual post hit  || 2024-03-15 10:20:06 
[32minfo[39m: get Category post hit  || 2024-03-15 10:20:06 
[32minfo[39m: Get Trending Posts API hit  || 2024-03-15 10:20:06 
[32minfo[39m: get Category post hit  || 2024-03-15 10:20:06 
[32minfo[39m: get Category post hit  || 2024-03-15 10:20:06 
[32minfo[39m: Get Trending Posts API hit  || 2024-03-15 10:20:06 
[32minfo[39m: get Category post hit  || 2024-03-15 10:20:06 
[32minfo[39m: get Category post hit  || 2024-03-15 10:20:06 
[32minfo[39m: Get individual post hit  || 2024-03-15 10:20:06 
[32minfo[39m: get Category post hit  || 2024-03-15 10:20:07 
[32minfo[39m: get Category post hit  || 2024-03-15 10:20:07 
[32minfo[39m: get Category post hit  || 2024-03-15 10:20:07 
[32minfo[39m: Get individual post hit  || 2024-03-15 10:20:07 
[32minfo[39m: Get individual post hit  || 2024-03-15 10:49:13 
[32minfo[39m: get Category post hit  || 2024-03-15 10:49:13 
[32minfo[39m: Get Trending Posts API hit  || 2024-03-15 10:49:13 
[32minfo[39m: get Category post hit  || 2024-03-15 10:49:13 
[32minfo[39m: get Category post hit  || 2024-03-15 10:49:13 
[32minfo[39m: Get Trending Posts API hit  || 2024-03-15 10:49:13 
[32minfo[39m: get Category post hit  || 2024-03-15 10:49:13 
[32minfo[39m: get Category post hit  || 2024-03-15 10:49:13 
[32minfo[39m: get Category post hit  || 2024-03-15 10:49:13 
[32minfo[39m: Get individual post hit  || 2024-03-15 10:49:14 
[32minfo[39m: Get individual post hit  || 2024-03-15 10:49:39 
[32minfo[39m: Get individual post hit  || 2024-03-15 10:49:39 
[32minfo[39m: get Category post hit  || 2024-03-15 10:49:39 
[32minfo[39m: get Category post hit  || 2024-03-15 10:49:39 
[32minfo[39m: get Category post hit  || 2024-03-15 10:49:41 
[32minfo[39m: Get individual post hit  || 2024-03-15 10:49:41 
[32minfo[39m: Get Trending Posts API hit  || 2024-03-15 10:49:41 
[32minfo[39m: get Category post hit  || 2024-03-15 10:49:41 
[32minfo[39m: get Category post hit  || 2024-03-15 10:49:41 
[32minfo[39m: Get Trending Posts API hit  || 2024-03-15 10:49:41 
[32minfo[39m: get Category post hit  || 2024-03-15 10:49:42 
[32minfo[39m: get Category post hit  || 2024-03-15 10:49:42 
[32minfo[39m: get Category post hit  || 2024-03-15 10:49:42 
[32minfo[39m: Get individual post hit  || 2024-03-15 10:49:42 
[32minfo[39m: Get individual post hit  || 2024-03-15 10:52:59 
[32minfo[39m: Get Trending Posts API hit  || 2024-03-15 10:52:59 
[32minfo[39m: Get Trending Posts API hit  || 2024-03-15 10:52:59 
[32minfo[39m: Get individual post hit  || 2024-03-15 10:53:00 
[32minfo[39m: Get individual post hit  || 2024-03-15 10:53:02 
[32minfo[39m: Get individual post hit  || 2024-03-15 10:53:03 
[32minfo[39m: Get individual post hit  || 2024-03-15 10:53:16 
[32minfo[39m: Get individual post hit  || 2024-03-15 10:53:17 
[32minfo[39m: Get individual post hit  || 2024-03-15 10:53:18 
[32minfo[39m: Get individual post hit  || 2024-03-15 10:53:18 
[32minfo[39m: Get individual post hit  || 2024-03-15 10:54:21 
[32minfo[39m: Get Trending Posts API hit  || 2024-03-15 10:54:21 
[32minfo[39m: Get Trending Posts API hit  || 2024-03-15 10:54:21 
[32minfo[39m: Get individual post hit  || 2024-03-15 10:54:22 
[32minfo[39m: Get individual post hit  || 2024-03-15 10:54:39 
[32minfo[39m: Get individual post hit  || 2024-03-15 10:54:39 
[32minfo[39m: Getting user API hit || 2024-03-15 10:54:43 
[32minfo[39m: Getting user API hit || 2024-03-15 10:54:43 
[32minfo[39m: Get individual post hit  || 2024-03-15 10:54:47 
[32minfo[39m: Get Trending Posts API hit  || 2024-03-15 10:54:47 
[32minfo[39m: Get Trending Posts API hit  || 2024-03-15 10:54:47 
[32minfo[39m: Get individual post hit  || 2024-03-15 10:54:47 
[32minfo[39m: Getting user API hit || 2024-03-15 10:58:07 
[32minfo[39m: Getting user API hit || 2024-03-15 10:58:07 
[32minfo[39m: Get individual post hit  || 2024-03-15 10:58:07 
[32minfo[39m: Get individual post hit  || 2024-03-15 10:58:08 
[32minfo[39m: Getting user API hit || 2024-03-15 10:58:15 
[32minfo[39m: Getting user API hit || 2024-03-15 10:58:15 
[32minfo[39m: Get individual post hit  || 2024-03-15 11:01:16 
[32minfo[39m: Get Trending Posts API hit  || 2024-03-15 11:01:16 
[32minfo[39m: get Category post hit  || 2024-03-15 11:01:16 
[32minfo[39m: get Category post hit  || 2024-03-15 11:01:16 
[32minfo[39m: get Category post hit  || 2024-03-15 11:01:16 
[32minfo[39m: Get Trending Posts API hit  || 2024-03-15 11:01:16 
[32minfo[39m: get Category post hit  || 2024-03-15 11:01:16 
[32minfo[39m: get Category post hit  || 2024-03-15 11:01:16 
[32minfo[39m: get Category post hit  || 2024-03-15 11:01:16 
[32minfo[39m: Get individual post hit  || 2024-03-15 11:01:16 
[32minfo[39m: Get individual post hit  || 2024-03-15 11:01:20 
[32minfo[39m: Get individual post hit  || 2024-03-15 11:01:20 
[32minfo[39m: get Category post hit  || 2024-03-15 11:01:20 
[32minfo[39m: get Category post hit  || 2024-03-15 11:01:20 
[32minfo[39m: Get individual post hit  || 2024-03-15 11:01:24 
[32minfo[39m: Get Trending Posts API hit  || 2024-03-15 11:01:24 
[32minfo[39m: get Category post hit  || 2024-03-15 11:01:24 
[32minfo[39m: get Category post hit  || 2024-03-15 11:01:24 
[32minfo[39m: get Category post hit  || 2024-03-15 11:01:24 
[32minfo[39m: Get Trending Posts API hit  || 2024-03-15 11:01:24 
[32minfo[39m: get Category post hit  || 2024-03-15 11:01:24 
[32minfo[39m: get Category post hit  || 2024-03-15 11:01:24 
[32minfo[39m: get Category post hit  || 2024-03-15 11:01:24 
[32minfo[39m: Get individual post hit  || 2024-03-15 11:01:25 
[32minfo[39m: Get individual post hit  || 2024-03-15 11:01:26 
[32minfo[39m: Get individual post hit  || 2024-03-15 11:01:26 
[32minfo[39m: get Category post hit  || 2024-03-15 11:01:26 
[32minfo[39m: get Category post hit  || 2024-03-15 11:01:26 
[32minfo[39m: Get individual post hit  || 2024-03-15 11:01:30 
[32minfo[39m: Get Trending Posts API hit  || 2024-03-15 11:01:30 
[32minfo[39m: get Category post hit  || 2024-03-15 11:01:30 
[32minfo[39m: get Category post hit  || 2024-03-15 11:01:30 
[32minfo[39m: get Category post hit  || 2024-03-15 11:01:30 
[32minfo[39m: Get Trending Posts API hit  || 2024-03-15 11:01:30 
[32minfo[39m: get Category post hit  || 2024-03-15 11:01:30 
[32minfo[39m: get Category post hit  || 2024-03-15 11:01:30 
[32minfo[39m: get Category post hit  || 2024-03-15 11:01:30 
[32minfo[39m: Get individual post hit  || 2024-03-15 11:01:30 
[32minfo[39m: Get individual post hit  || 2024-03-15 11:01:42 
[32minfo[39m: Get individual post hit  || 2024-03-15 11:01:42 
[32minfo[39m: get Category post hit  || 2024-03-15 11:01:42 
[32minfo[39m: get Category post hit  || 2024-03-15 11:01:42 
[32minfo[39m: Get individual post hit  || 2024-03-15 11:02:31 
[32minfo[39m: Get individual post hit  || 2024-03-15 11:02:32 
[32minfo[39m: Get individual post hit  || 2024-03-15 11:02:47 
[32minfo[39m: Get Trending Posts API hit  || 2024-03-15 11:02:47 
[32minfo[39m: get Category post hit  || 2024-03-15 11:02:47 
[32minfo[39m: get Category post hit  || 2024-03-15 11:02:47 
[32minfo[39m: get Category post hit  || 2024-03-15 11:02:47 
[32minfo[39m: Get Trending Posts API hit  || 2024-03-15 11:02:47 
[32minfo[39m: get Category post hit  || 2024-03-15 11:02:48 
[32minfo[39m: get Category post hit  || 2024-03-15 11:02:48 
[32minfo[39m: get Category post hit  || 2024-03-15 11:02:48 
[32minfo[39m: Get individual post hit  || 2024-03-15 11:02:48 
[32minfo[39m: Get individual post hit  || 2024-03-15 11:02:57 
[32minfo[39m: Get individual post hit  || 2024-03-15 11:02:57 
[32minfo[39m: get Category post hit  || 2024-03-15 11:02:57 
[32minfo[39m: get Category post hit  || 2024-03-15 11:02:57 
[32minfo[39m: Get individual post hit  || 2024-03-15 11:03:12 
[32minfo[39m: Get Trending Posts API hit  || 2024-03-15 11:03:12 
[32minfo[39m: get Category post hit  || 2024-03-15 11:03:12 
[32minfo[39m: get Category post hit  || 2024-03-15 11:03:12 
[32minfo[39m: get Category post hit  || 2024-03-15 11:03:12 
[32minfo[39m: Get Trending Posts API hit  || 2024-03-15 11:03:12 
[32minfo[39m: get Category post hit  || 2024-03-15 11:03:12 
[32minfo[39m: get Category post hit  || 2024-03-15 11:03:12 
[32minfo[39m: get Category post hit  || 2024-03-15 11:03:12 
[32minfo[39m: Get individual post hit  || 2024-03-15 11:03:13 
[32minfo[39m: Get individual post hit  || 2024-03-15 11:03:16 
[32minfo[39m: get Category post hit  || 2024-03-15 11:03:16 
[32minfo[39m: Get individual post hit  || 2024-03-15 11:03:16 
[32minfo[39m: get Category post hit  || 2024-03-15 11:03:17 
[32minfo[39m: Get individual post hit  || 2024-03-15 11:04:00 
[32minfo[39m: get Category post hit  || 2024-03-15 11:04:00 
[32minfo[39m: Get Trending Posts API hit  || 2024-03-15 11:04:00 
[32minfo[39m: get Category post hit  || 2024-03-15 11:04:00 
[32minfo[39m: get Category post hit  || 2024-03-15 11:04:00 
[32minfo[39m: Get Trending Posts API hit  || 2024-03-15 11:04:00 
[32minfo[39m: get Category post hit  || 2024-03-15 11:04:00 
[32minfo[39m: get Category post hit  || 2024-03-15 11:04:00 
[32minfo[39m: get Category post hit  || 2024-03-15 11:04:00 
[32minfo[39m: Get individual post hit  || 2024-03-15 11:04:01 
[32minfo[39m: Get individual post hit  || 2024-03-15 11:04:08 
[32minfo[39m: Get individual post hit  || 2024-03-15 11:04:08 
[32minfo[39m: get Category post hit  || 2024-03-15 11:04:08 
[32minfo[39m: get Category post hit  || 2024-03-15 11:04:08 
[32minfo[39m: Get individual post hit  || 2024-03-15 11:06:47 
[32minfo[39m: get Category post hit  || 2024-03-15 11:06:47 
[32minfo[39m: get Category post hit  || 2024-03-15 11:06:47 
[32minfo[39m: Get Trending Posts API hit  || 2024-03-15 11:06:47 
[32minfo[39m: get Category post hit  || 2024-03-15 11:06:47 
[32minfo[39m: Get Trending Posts API hit  || 2024-03-15 11:06:47 
[32minfo[39m: get Category post hit  || 2024-03-15 11:06:47 
[32minfo[39m: get Category post hit  || 2024-03-15 11:06:47 
[32minfo[39m: get Category post hit  || 2024-03-15 11:06:47 
[32minfo[39m: Get individual post hit  || 2024-03-15 11:06:48 
[32minfo[39m: Get Trending Posts API hit  || 2024-03-15 11:06:51 
[32minfo[39m: Get individual post hit  || 2024-03-15 11:06:51 
[32minfo[39m: Get Trending Posts API hit  || 2024-03-15 11:06:51 
[32minfo[39m: Get individual post hit  || 2024-03-15 11:06:51 
[32minfo[39m: Get individual post hit  || 2024-03-15 11:11:00 
[32minfo[39m: Get Trending Posts API hit  || 2024-03-15 11:11:00 
[32minfo[39m: get Category post hit  || 2024-03-15 11:11:00 
[32minfo[39m: get Category post hit  || 2024-03-15 11:11:00 
[32minfo[39m: get Category post hit  || 2024-03-15 11:11:00 
[32minfo[39m: Get Trending Posts API hit  || 2024-03-15 11:11:00 
[32minfo[39m: get Category post hit  || 2024-03-15 11:11:00 
[32minfo[39m: get Category post hit  || 2024-03-15 11:11:00 
[32minfo[39m: get Category post hit  || 2024-03-15 11:11:00 
[32minfo[39m: Get individual post hit  || 2024-03-15 11:11:01 
[32minfo[39m: Get individual post hit  || 2024-03-15 11:13:35 
[32minfo[39m: Get Trending Posts API hit  || 2024-03-15 11:13:35 
[32minfo[39m: get Category post hit  || 2024-03-15 11:13:35 
[32minfo[39m: get Category post hit  || 2024-03-15 11:13:35 
[32minfo[39m: get Category post hit  || 2024-03-15 11:13:35 
[32minfo[39m: Get Trending Posts API hit  || 2024-03-15 11:13:35 
[32minfo[39m: get Category post hit  || 2024-03-15 11:13:35 
[32minfo[39m: get Category post hit  || 2024-03-15 11:13:35 
[32minfo[39m: get Category post hit  || 2024-03-15 11:13:35 
[32minfo[39m: Get individual post hit  || 2024-03-15 11:13:36 
[32minfo[39m: Get individual post hit  || 2024-03-15 11:14:05 
[32minfo[39m: Get individual post hit  || 2024-03-15 11:14:05 
[32minfo[39m: get Category post hit  || 2024-03-15 11:14:05 
[32minfo[39m: get Category post hit  || 2024-03-15 11:14:05 
[32minfo[39m: Get Authors post hit  || 2024-03-15 11:14:08 
[32minfo[39m: Get Authors post hit  || 2024-03-15 11:14:08 
[32minfo[39m: Get individual post hit  || 2024-03-15 11:14:16 
[32minfo[39m: Get individual post hit  || 2024-03-15 11:14:16 
[32minfo[39m: get Category post hit  || 2024-03-15 11:14:16 
[32minfo[39m: get Category post hit  || 2024-03-15 11:14:16 
[32minfo[39m: Get Authors post hit  || 2024-03-15 11:14:17 
[32minfo[39m: Get Authors post hit  || 2024-03-15 11:14:17 
[32minfo[39m: Get individual post hit  || 2024-03-15 11:14:33 
[32minfo[39m: Get individual post hit  || 2024-03-15 11:14:33 
[32minfo[39m: get Category post hit  || 2024-03-15 11:14:33 
[32minfo[39m: get Category post hit  || 2024-03-15 11:14:33 
[32minfo[39m: Get individual post hit  || 2024-03-15 11:14:35 
[32minfo[39m: Get Trending Posts API hit  || 2024-03-15 11:14:35 
[32minfo[39m: get Category post hit  || 2024-03-15 11:14:35 
[32minfo[39m: get Category post hit  || 2024-03-15 11:14:35 
[32minfo[39m: get Category post hit  || 2024-03-15 11:14:35 
[32minfo[39m: Get Trending Posts API hit  || 2024-03-15 11:14:35 
[32minfo[39m: get Category post hit  || 2024-03-15 11:14:35 
[32minfo[39m: get Category post hit  || 2024-03-15 11:14:35 
[32minfo[39m: get Category post hit  || 2024-03-15 11:14:35 
[32minfo[39m: Get individual post hit  || 2024-03-15 11:14:36 
[32minfo[39m: Get individual post hit  || 2024-03-15 11:21:01 
[32minfo[39m: Get Trending Posts API hit  || 2024-03-15 11:21:02 
[32minfo[39m: get Category post hit  || 2024-03-15 11:21:02 
[32minfo[39m: get Category post hit  || 2024-03-15 11:21:02 
[32minfo[39m: get Category post hit  || 2024-03-15 11:21:02 
[32minfo[39m: Get Trending Posts API hit  || 2024-03-15 11:21:02 
[32minfo[39m: get Category post hit  || 2024-03-15 11:21:02 
[32minfo[39m: get Category post hit  || 2024-03-15 11:21:02 
[32minfo[39m: get Category post hit  || 2024-03-15 11:21:02 
[32minfo[39m: Get individual post hit  || 2024-03-15 11:21:02 
[32minfo[39m: Get individual post hit  || 2024-03-15 11:21:15 
[32minfo[39m: Get individual post hit  || 2024-03-15 11:21:15 
[32minfo[39m: Get Trending Posts API hit  || 2024-03-15 11:21:15 
[32minfo[39m: Get Trending Posts API hit  || 2024-03-15 11:21:15 
[32minfo[39m: get Category post hit  || 2024-03-15 11:21:15 
[32minfo[39m: get Category post hit  || 2024-03-15 11:21:15 
[32minfo[39m: get Category post hit  || 2024-03-15 11:21:15 
[32minfo[39m: get Category post hit  || 2024-03-15 11:21:15 
[32minfo[39m: get Category post hit  || 2024-03-15 11:21:15 
[32minfo[39m: get Category post hit  || 2024-03-15 11:21:15 
[32minfo[39m: Get individual post hit  || 2024-03-15 11:23:55 
[32minfo[39m: Get individual post hit  || 2024-03-15 11:23:55 
[32minfo[39m: get Category post hit  || 2024-03-15 11:23:55 
[32minfo[39m: get Category post hit  || 2024-03-15 11:23:55 
[32minfo[39m: Get individual post hit  || 2024-03-15 11:23:56 
[32minfo[39m: Get Trending Posts API hit  || 2024-03-15 11:23:56 
[32minfo[39m: get Category post hit  || 2024-03-15 11:23:56 
[32minfo[39m: get Category post hit  || 2024-03-15 11:23:56 
[32minfo[39m: get Category post hit  || 2024-03-15 11:23:56 
[32minfo[39m: Get Trending Posts API hit  || 2024-03-15 11:23:56 
[32minfo[39m: get Category post hit  || 2024-03-15 11:23:56 
[32minfo[39m: get Category post hit  || 2024-03-15 11:23:56 
[32minfo[39m: get Category post hit  || 2024-03-15 11:23:56 
[32minfo[39m: Get individual post hit  || 2024-03-15 11:23:57 
[32minfo[39m: Get Trending Posts API hit  || 2024-03-15 11:27:37 
[32minfo[39m: Get individual post hit  || 2024-03-15 11:27:37 
[32minfo[39m: get Category post hit  || 2024-03-15 11:27:37 
[32minfo[39m: get Category post hit  || 2024-03-15 11:27:37 
[32minfo[39m: get Category post hit  || 2024-03-15 11:27:37 
[32minfo[39m: Get individual post hit  || 2024-03-15 11:27:37 
[32minfo[39m: Get Trending Posts API hit  || 2024-03-15 11:27:37 
[32minfo[39m: get Category post hit  || 2024-03-15 11:27:37 
[32minfo[39m: get Category post hit  || 2024-03-15 11:27:38 
[32minfo[39m: Get Trending Posts API hit  || 2024-03-15 11:27:38 
[32minfo[39m: get Category post hit  || 2024-03-15 11:27:38 
[32minfo[39m: get Category post hit  || 2024-03-15 11:27:38 
[32minfo[39m: Get Trending Posts API hit  || 2024-03-15 11:27:38 
[32minfo[39m: get Category post hit  || 2024-03-15 11:27:38 
[32minfo[39m: get Category post hit  || 2024-03-15 11:27:38 
[32minfo[39m: Get Trending Posts API hit  || 2024-03-15 11:27:38 
[32minfo[39m: get Category post hit  || 2024-03-15 11:27:38 
[32minfo[39m: get Category post hit  || 2024-03-15 11:27:38 
[32minfo[39m: Get Trending Posts API hit  || 2024-03-15 11:27:38 
[32minfo[39m: Get individual post hit  || 2024-03-15 11:27:39 
[32minfo[39m: get Category post hit  || 2024-03-15 11:27:39 
[32minfo[39m: Get individual post hit  || 2024-03-15 11:27:39 
[32minfo[39m: Get individual post hit  || 2024-03-15 11:27:40 
[32minfo[39m: Get individual post hit  || 2024-03-15 11:27:41 
[32minfo[39m: Get individual post hit  || 2024-03-15 11:36:20 
[32minfo[39m: Get Trending Posts API hit  || 2024-03-15 11:36:20 
[32minfo[39m: get Category post hit  || 2024-03-15 11:36:20 
[32minfo[39m: get Category post hit  || 2024-03-15 11:36:20 
[32minfo[39m: get Category post hit  || 2024-03-15 11:36:20 
[32minfo[39m: Get Trending Posts API hit  || 2024-03-15 11:36:21 
[32minfo[39m: get Category post hit  || 2024-03-15 11:36:21 
[32minfo[39m: get Category post hit  || 2024-03-15 11:36:21 
[32minfo[39m: get Category post hit  || 2024-03-15 11:36:21 
[32minfo[39m: Get Trending Posts API hit  || 2024-03-15 11:36:21 
[32minfo[39m: get Category post hit  || 2024-03-15 11:36:21 
[32minfo[39m: get Category post hit  || 2024-03-15 11:36:21 
[32minfo[39m: Get Trending Posts API hit  || 2024-03-15 11:36:21 
[32minfo[39m: get Category post hit  || 2024-03-15 11:36:21 
[32minfo[39m: get Category post hit  || 2024-03-15 11:36:21 
[32minfo[39m: get Category post hit  || 2024-03-15 11:36:21 
[32minfo[39m: get Category post hit  || 2024-03-15 11:36:21 
[32minfo[39m: Get individual post hit  || 2024-03-15 11:36:21 
[32minfo[39m: Get individual post hit  || 2024-03-15 11:36:22 
[32minfo[39m: Get individual post hit  || 2024-03-15 11:36:22 
[32minfo[39m: Get individual post hit  || 2024-03-15 12:46:47 
[32minfo[39m: get Category post hit  || 2024-03-15 12:46:47 
[32minfo[39m: Get Trending Posts API hit  || 2024-03-15 12:46:47 
[32minfo[39m: get Category post hit  || 2024-03-15 12:46:47 
[32minfo[39m: get Category post hit  || 2024-03-15 12:46:47 
[32minfo[39m: Get Trending Posts API hit  || 2024-03-15 12:46:47 
[32minfo[39m: get Category post hit  || 2024-03-15 12:46:47 
[32minfo[39m: get Category post hit  || 2024-03-15 12:46:47 
[32minfo[39m: get Category post hit  || 2024-03-15 12:46:47 
[32minfo[39m: Get Trending Posts API hit  || 2024-03-15 12:46:47 
[32minfo[39m: get Category post hit  || 2024-03-15 12:46:47 
[32minfo[39m: Get Trending Posts API hit  || 2024-03-15 12:46:47 
[32minfo[39m: get Category post hit  || 2024-03-15 12:46:47 
[32minfo[39m: get Category post hit  || 2024-03-15 12:46:47 
[32minfo[39m: get Category post hit  || 2024-03-15 12:46:47 
[32minfo[39m: get Category post hit  || 2024-03-15 12:46:47 
[32minfo[39m: get Category post hit  || 2024-03-15 12:46:47 
[32minfo[39m: Get individual post hit  || 2024-03-15 12:46:47 
[32minfo[39m: Get individual post hit  || 2024-03-15 12:46:48 
[32minfo[39m: Get individual post hit  || 2024-03-15 12:46:48 
