[32minfo[39m: Get Authors post hit ... || 2024-02-23 12:53:43 
[32minfo[39m: Server is running on port 2000 || 2024-02-23 12:56:50 
[33mwarn[39m: DEV-Database connection Successfull || 2024-02-23 12:56:50 
[32minfo[39m: Get Authors post hit ... || 2024-02-23 12:56:57 
[32minfo[39m: Server is running on port 2000 || 2024-02-23 12:57:32 
[33mwarn[39m: DEV-Database connection Successfull || 2024-02-23 12:57:32 
[32minfo[39m: Server is running on port 2000 || 2024-02-23 12:57:39 
[33mwarn[39m: DEV-Database connection Successfull || 2024-02-23 12:57:39 
[32minfo[39m: Get Authors post hit ... || 2024-02-23 12:57:41 
[32minfo[39m: Get individual post hit ... || 2024-02-23 12:58:01 
[32minfo[39m: Get Trending Posts API hit ... || 2024-02-23 12:58:01 
[32minfo[39m: get Category post hit ... || 2024-02-23 12:58:01 
[32minfo[39m: get Category post hit ... || 2024-02-23 12:58:01 
[32minfo[39m: get Category post hit ... || 2024-02-23 12:58:01 
[32minfo[39m: get Category post hit ... || 2024-02-23 12:58:01 
[32minfo[39m: Get Trending Posts API hit ... || 2024-02-23 12:58:01 
[32minfo[39m: get Category post hit ... || 2024-02-23 12:58:01 
[32minfo[39m: get Category post hit ... || 2024-02-23 12:58:01 
[32minfo[39m: Get individual post hit ... || 2024-02-23 12:58:01 
[32minfo[39m: Server is running on port 2000 || 2024-02-23 12:58:12 
[33mwarn[39m: DEV-Database connection Successfull || 2024-02-23 12:58:12 
[32minfo[39m: Get individual post hit ... || 2024-02-23 12:58:15 
[32minfo[39m: Get Trending Posts API hit ... || 2024-02-23 12:58:15 
[32minfo[39m: get Category post hit ... || 2024-02-23 12:58:15 
[32minfo[39m: get Category post hit ... || 2024-02-23 12:58:15 
[32minfo[39m: get Category post hit ... || 2024-02-23 12:58:15 
[32minfo[39m: Get Trending Posts API hit ... || 2024-02-23 12:58:15 
[32minfo[39m: get Category post hit ... || 2024-02-23 12:58:15 
[32minfo[39m: get Category post hit ... || 2024-02-23 12:58:15 
[32minfo[39m: get Category post hit ... || 2024-02-23 12:58:15 
[32minfo[39m: Get individual post hit ... || 2024-02-23 12:58:15 
[32minfo[39m: Server is running on port 2000 || 2024-02-23 12:58:29 
[33mwarn[39m: DEV-Database connection Successfull || 2024-02-23 12:58:29 
[32minfo[39m: Get individual post hit ... || 2024-02-23 12:58:32 
[32minfo[39m: get Category post hit ... || 2024-02-23 12:58:32 
[32minfo[39m: Get Trending Posts API hit ... || 2024-02-23 12:58:32 
[32minfo[39m: get Category post hit ... || 2024-02-23 12:58:32 
[32minfo[39m: get Category post hit ... || 2024-02-23 12:58:32 
[32minfo[39m: Get Trending Posts API hit ... || 2024-02-23 12:58:32 
[32minfo[39m: get Category post hit ... || 2024-02-23 12:58:32 
[32minfo[39m: get Category post hit ... || 2024-02-23 12:58:32 
[32minfo[39m: get Category post hit ... || 2024-02-23 12:58:32 
[32minfo[39m: Get individual post hit ... || 2024-02-23 12:58:32 
[32minfo[39m: Get individual post hit ... || 2024-02-23 13:16:07 
[32minfo[39m: Get Trending Posts API hit ... || 2024-02-23 13:16:07 
[32minfo[39m: get Category post hit ... || 2024-02-23 13:16:07 
[32minfo[39m: get Category post hit ... || 2024-02-23 13:16:07 
[32minfo[39m: get Category post hit ... || 2024-02-23 13:16:07 
[32minfo[39m: Get Trending Posts API hit ... || 2024-02-23 13:16:07 
[32minfo[39m: get Category post hit ... || 2024-02-23 13:16:07 
[32minfo[39m: get Category post hit ... || 2024-02-23 13:16:07 
[32minfo[39m: get Category post hit ... || 2024-02-23 13:16:07 
[32minfo[39m: Get individual post hit ... || 2024-02-23 13:16:07 
[32minfo[39m: Get individual post hit ... || 2024-02-23 13:58:47 
[32minfo[39m: Get individual post hit ... || 2024-02-23 13:58:47 
[32minfo[39m: get Category post hit ... || 2024-02-23 13:58:47 
[32minfo[39m: get Category post hit ... || 2024-02-23 13:58:47 
[32minfo[39m: Get Authors post hit ... || 2024-02-23 13:58:58 
[32minfo[39m: Get Authors post hit ... || 2024-02-23 13:58:58 
[32minfo[39m: Get Authors post hit ... || 2024-02-23 13:59:28 
[32minfo[39m: Get Authors post hit ... || 2024-02-23 13:59:31 
[32minfo[39m: Server is running on port 2000 || 2024-02-23 14:04:09 
[33mwarn[39m: DEV-Database connection Successfull || 2024-02-23 14:04:09 
[32minfo[39m: Add user api hit || 2024-02-23 14:04:12 
[32minfo[39m: Server is running on port 2000 || 2024-02-23 14:05:18 
[33mwarn[39m: DEV-Database connection Successfull || 2024-02-23 14:05:18 
[32minfo[39m: Add user api hit || 2024-02-23 14:06:45 
[31merror[39m: User validation failed: authod_id: Path `authod_id` is required., role: Path `role` is required. || 2024-02-23 14:06:45 
[32minfo[39m: Server is running on port 2000 || 2024-02-23 14:09:45 
[33mwarn[39m: DEV-Database connection Successfull || 2024-02-23 14:09:45 
[32minfo[39m: Add user api hit || 2024-02-23 14:09:49 
[31merror[39m: error is not defined || 2024-02-23 14:09:49 
[32minfo[39m: Server is running on port 2000 || 2024-02-23 14:10:06 
[33mwarn[39m: DEV-Database connection Successfull || 2024-02-23 14:10:06 
[32minfo[39m: Add user api hit || 2024-02-23 14:10:07 
[31merror[39m: error is not defined || 2024-02-23 14:10:07 
[32minfo[39m: Server is running on port 2000 || 2024-02-23 14:10:50 
[33mwarn[39m: DEV-Database connection Successfull || 2024-02-23 14:10:50 
[32minfo[39m: Server is running on port 2000 || 2024-02-23 14:10:58 
[33mwarn[39m: DEV-Database connection Successfull || 2024-02-23 14:10:58 
[32minfo[39m: Add user api hit || 2024-02-23 14:11:16 
[32minfo[39m: Get Authors post hit ... || 2024-02-23 15:10:45 
[32minfo[39m: Get Authors post hit ... || 2024-02-23 15:10:46 
[32minfo[39m: Get Authors post hit ... || 2024-02-23 15:14:48 
[32minfo[39m: Get Authors post hit ... || 2024-02-23 15:14:48 
[32minfo[39m: Get Authors post hit ... || 2024-02-23 15:24:33 
[32minfo[39m: Get Authors post hit ... || 2024-02-23 15:24:33 
[32minfo[39m: Server is running on port 2000 || 2024-02-23 16:43:38 
[33mwarn[39m: DEV-Database connection Successfull || 2024-02-23 16:43:38 
[32minfo[39m: Add user api hit || 2024-02-23 16:43:39 
[32minfo[39m: Server is running on port 2000 || 2024-02-23 16:43:50 
[33mwarn[39m: DEV-Database connection Successfull || 2024-02-23 16:43:50 
[32minfo[39m: Add user api hit || 2024-02-23 16:43:53 
[32minfo[39m: Server is running on port 2000 || 2024-02-23 16:44:02 
[33mwarn[39m: DEV-Database connection Successfull || 2024-02-23 16:44:02 
[32minfo[39m: Add user api hit || 2024-02-23 16:44:03 
[32minfo[39m: Server is running on port 2000 || 2024-02-23 16:45:41 
[33mwarn[39m: DEV-Database connection Successfull || 2024-02-23 16:45:41 
[32minfo[39m: Add user api hit || 2024-02-23 16:45:42 
[32minfo[39m: Server is running on port 2000 || 2024-02-23 16:46:53 
[33mwarn[39m: DEV-Database connection Successfull || 2024-02-23 16:46:53 
[32minfo[39m: Add user api hit || 2024-02-23 16:46:55 
[32minfo[39m: Server is running on port 2000 || 2024-02-23 16:48:16 
[33mwarn[39m: DEV-Database connection Successfull || 2024-02-23 16:48:16 
[32minfo[39m: Server is running on port 2000 || 2024-02-23 16:48:58 
[33mwarn[39m: DEV-Database connection Successfull || 2024-02-23 16:48:58 
[32minfo[39m: Server is running on port 2000 || 2024-02-23 16:49:00 
[33mwarn[39m: DEV-Database connection Successfull || 2024-02-23 16:49:00 
[32minfo[39m: Add user api hit || 2024-02-23 16:49:14 
[32minfo[39m: Server is running on port 2000 || 2024-02-23 16:50:51 
[33mwarn[39m: DEV-Database connection Successfull || 2024-02-23 16:50:51 
[32minfo[39m: Server is running on port 2000 || 2024-02-23 16:51:00 
[33mwarn[39m: DEV-Database connection Successfull || 2024-02-23 16:51:00 
[32minfo[39m: Add user api hit || 2024-02-23 16:51:03 
[32minfo[39m: Server is running on port 2000 || 2024-02-23 16:51:34 
[33mwarn[39m: DEV-Database connection Successfull || 2024-02-23 16:51:34 
[32minfo[39m: Add user api hit || 2024-02-23 16:51:37 
[31merror[39m: E11000 duplicate key error collection: blog.users index: username_1 dup key: { username: "Rajesh" } || 2024-02-23 16:51:37 
[32minfo[39m: Add user api hit || 2024-02-23 16:51:51 
[31merror[39m: E11000 duplicate key error collection: blog.users index: firstname_1 dup key: { firstname: "Rajesh" } || 2024-02-23 16:51:51 
[32minfo[39m: Add user api hit || 2024-02-23 16:52:07 
[31merror[39m: E11000 duplicate key error collection: blog.users index: lastname_1 dup key: { lastname: "raj" } || 2024-02-23 16:52:07 
[32minfo[39m: Add user api hit || 2024-02-23 16:52:14 
[31merror[39m: E11000 duplicate key error collection: blog.users index: email_1 dup key: { email: "Draft" } || 2024-02-23 16:52:14 
[32minfo[39m: Add user api hit || 2024-02-23 16:52:21 
[32minfo[39m: Server is running on port 2000 || 2024-02-23 16:54:04 
[33mwarn[39m: DEV-Database connection Successfull || 2024-02-23 16:54:04 
[32minfo[39m: Blog data import API hit || 2024-02-23 16:56:00 
[31merror[39m: E11000 duplicate key error collection: blog.posts index: post_id_1 dup key: { post_id: 3462 } || 2024-02-23 16:56:01 
[31merror[39m: Unknown error: E11000 duplicate key error collection: blog.posts index: post_id_1 dup key: { post_id: 3462 } || 2024-02-23 16:56:01 
[32minfo[39m: Server is running on port 2000 || 2024-02-23 16:56:35 
[33mwarn[39m: DEV-Database connection Successfull || 2024-02-23 16:56:35 
[32minfo[39m: Server is running on port 2000 || 2024-02-23 16:57:03 
[33mwarn[39m: DEV-Database connection Successfull || 2024-02-23 16:57:03 
[32minfo[39m: Blog data import API hit || 2024-02-23 16:57:07 
[31merror[39m: E11000 duplicate key error collection: blog.posts index: post_id_1 dup key: { post_id: 3462 } || 2024-02-23 16:57:07 
[31merror[39m: Unknown error: E11000 duplicate key error collection: blog.posts index: post_id_1 dup key: { post_id: 3462 } || 2024-02-23 16:57:07 
[32minfo[39m: Blog data import API hit || 2024-02-23 16:57:10 
[31merror[39m: E11000 duplicate key error collection: blog.posts index: post_id_1 dup key: { post_id: 3462 } || 2024-02-23 16:57:10 
[31merror[39m: Unknown error: E11000 duplicate key error collection: blog.posts index: post_id_1 dup key: { post_id: 3462 } || 2024-02-23 16:57:10 
[32minfo[39m: Blog data import API hit || 2024-02-23 16:58:33 
[32minfo[39m: Data imported successfully || 2024-02-23 16:58:57 
[32minfo[39m: New post APi hit ... || 2024-02-23 16:59:44 
[32minfo[39m: Add user api hit || 2024-02-23 17:00:25 
[32minfo[39m: Server is running on port 2000 || 2024-02-23 17:01:12 
[33mwarn[39m: DEV-Database connection Successfull || 2024-02-23 17:01:12 
[32minfo[39m: Blog data import API hit || 2024-02-23 17:01:16 
[32minfo[39m: Data imported successfully || 2024-02-23 17:01:29 
[32minfo[39m: Google Analytics data API hit.... || 2024-02-23 17:02:22 
[32minfo[39m: Success retrieving analytics data || 2024-02-23 17:02:25 
[32minfo[39m: Google Analytics location data API hit.... || 2024-02-23 17:02:30 
[32minfo[39m: Success retrieving analytics data || 2024-02-23 17:02:32 
[32minfo[39m: Get individual post hit ... || 2024-02-23 17:02:48 
[32minfo[39m: Get individual post hit ... || 2024-02-23 17:02:48 
[32minfo[39m: get Category post hit ... || 2024-02-23 17:02:48 
[32minfo[39m: get Category post hit ... || 2024-02-23 17:02:48 
[32minfo[39m: Get individual post hit ... || 2024-02-23 17:02:49 
[32minfo[39m: get Category post hit ... || 2024-02-23 17:02:49 
[32minfo[39m: get Category post hit ... || 2024-02-23 17:02:49 
[32minfo[39m: Get Trending Posts API hit ... || 2024-02-23 17:02:49 
[32minfo[39m: get Category post hit ... || 2024-02-23 17:02:49 
[32minfo[39m: get Category post hit ... || 2024-02-23 17:02:49 
[32minfo[39m: get Category post hit ... || 2024-02-23 17:02:49 
[32minfo[39m: Get Trending Posts API hit ... || 2024-02-23 17:02:49 
[32minfo[39m: get Category post hit ... || 2024-02-23 17:02:49 
[32minfo[39m: Get individual post hit ... || 2024-02-23 17:02:49 
[32minfo[39m: Get individual post hit ... || 2024-02-23 17:02:51 
[32minfo[39m: Get Trending Posts API hit ... || 2024-02-23 17:02:51 
[32minfo[39m: get Category post hit ... || 2024-02-23 17:02:51 
[32minfo[39m: get Category post hit ... || 2024-02-23 17:02:51 
[32minfo[39m: get Category post hit ... || 2024-02-23 17:02:51 
[32minfo[39m: Get Trending Posts API hit ... || 2024-02-23 17:02:51 
[32minfo[39m: get Category post hit ... || 2024-02-23 17:02:51 
[32minfo[39m: get Category post hit ... || 2024-02-23 17:02:51 
[32minfo[39m: get Category post hit ... || 2024-02-23 17:02:51 
[32minfo[39m: Get individual post hit ... || 2024-02-23 17:02:51 
[32minfo[39m: Get individual post hit ... || 2024-02-23 17:03:34 
[32minfo[39m: Get Trending Posts API hit ... || 2024-02-23 17:03:34 
[32minfo[39m: Get Trending Posts API hit ... || 2024-02-23 17:03:34 
[32minfo[39m: Get individual post hit ... || 2024-02-23 17:03:35 
[32minfo[39m: Get individual post hit ... || 2024-02-23 17:04:24 
[32minfo[39m: Get individual post hit ... || 2024-02-23 17:04:25 
[32minfo[39m: Server is running on port 2000 || 2024-02-23 17:39:12 
[33mwarn[39m: DEV-Database connection Successfull || 2024-02-23 17:39:12 
[32minfo[39m: Get individual post hit ... || 2024-02-23 18:21:54 
[32minfo[39m: get Category post hit ... || 2024-02-23 18:21:54 
[32minfo[39m: get Category post hit ... || 2024-02-23 18:21:54 
[32minfo[39m: Get Trending Posts API hit ... || 2024-02-23 18:21:54 
[32minfo[39m: get Category post hit ... || 2024-02-23 18:21:54 
[32minfo[39m: get Category post hit ... || 2024-02-23 18:21:54 
[32minfo[39m: Get Trending Posts API hit ... || 2024-02-23 18:21:54 
[32minfo[39m: get Category post hit ... || 2024-02-23 18:21:54 
[32minfo[39m: get Category post hit ... || 2024-02-23 18:21:54 
[32minfo[39m: Get individual post hit ... || 2024-02-23 18:21:55 
[32minfo[39m: Add user api hit || 2024-02-23 18:24:00 
[31merror[39m: E11000 duplicate key error collection: blog.users index: username_1 dup key: { username: "Rajeshuuuu" } || 2024-02-23 18:24:00 
[32minfo[39m: Server is running on port 2000 || 2024-02-23 18:52:38 
[33mwarn[39m: DEV-Database connection Successfull || 2024-02-23 18:52:38 
[32minfo[39m: Server is running on port 2000 || 2024-02-23 18:53:45 
[33mwarn[39m: DEV-Database connection Successfull || 2024-02-23 18:53:45 
[32minfo[39m: Server is running on port 2000 || 2024-02-23 18:54:55 
[33mwarn[39m: DEV-Database connection Successfull || 2024-02-23 18:54:55 
[32minfo[39m: User login API hit... || 2024-02-23 18:55:23 
[32minfo[39m: Users Details : Rajeshuuuu || 2024-02-23 18:55:23 
[32minfo[39m: User login API hit... || 2024-02-23 18:56:00 
[32minfo[39m: Users Details : Rajeshuuuu || 2024-02-23 18:56:00 
[32minfo[39m: Server is running on port 2000 || 2024-02-23 18:57:37 
[33mwarn[39m: DEV-Database connection Successfull || 2024-02-23 18:57:37 
[32minfo[39m: User login API hit... || 2024-02-23 18:57:39 
[32minfo[39m: Users Details : Rajeshuuuu || 2024-02-23 18:57:39 
[32minfo[39m: Server is running on port 2000 || 2024-02-23 18:58:42 
[33mwarn[39m: DEV-Database connection Successfull || 2024-02-23 18:58:42 
[32minfo[39m: Server is running on port 2000 || 2024-02-23 18:59:02 
[33mwarn[39m: DEV-Database connection Successfull || 2024-02-23 18:59:02 
[32minfo[39m: User login API hit... || 2024-02-23 18:59:04 
[31merror[39m: Users Details : Rajeshuuuu,--- "Invalid credentials" || 2024-02-23 18:59:04 
[32minfo[39m: Server is running on port 2000 || 2024-02-23 18:59:12 
[33mwarn[39m: DEV-Database connection Successfull || 2024-02-23 18:59:12 
[32minfo[39m: Server is running on port 2000 || 2024-02-23 18:59:15 
[33mwarn[39m: DEV-Database connection Successfull || 2024-02-23 18:59:15 
[32minfo[39m: User login API hit... || 2024-02-23 18:59:17 
[31merror[39m: Users Details : Rajeshuuuu--- "Invalid credentials" || 2024-02-23 18:59:17 
[32minfo[39m: Server is running on port 2000 || 2024-02-23 18:59:27 
[33mwarn[39m: DEV-Database connection Successfull || 2024-02-23 18:59:27 
[32minfo[39m: Server is running on port 2000 || 2024-02-23 18:59:33 
[33mwarn[39m: DEV-Database connection Successfull || 2024-02-23 18:59:33 
[32minfo[39m: User login API hit... || 2024-02-23 18:59:39 
[31merror[39m: Users Details : Rajeshuuuu---Login success || 2024-02-23 18:59:39 
[32minfo[39m: Server is running on port 2000 || 2024-02-23 18:59:48 
[33mwarn[39m: DEV-Database connection Successfull || 2024-02-23 18:59:48 
[32minfo[39m: User login API hit... || 2024-02-23 18:59:50 
[32minfo[39m: Users Details : Rajeshuuuu---Login success || 2024-02-23 18:59:50 
[32minfo[39m: Server is running on port 2000 || 2024-02-23 19:00:10 
[33mwarn[39m: DEV-Database connection Successfull || 2024-02-23 19:00:10 
[32minfo[39m: User login API hit... || 2024-02-23 19:00:12 
[32minfo[39m: Users Details : Rajeshuuuu---Login success || 2024-02-23 19:00:12 
[32minfo[39m: User login API hit... || 2024-02-23 19:09:33 
[32minfo[39m: User login API hit... || 2024-02-23 19:09:33 
[31merror[39m: Users Details : undefined---Invalid credentials || 2024-02-23 19:09:33 
[31merror[39m: Users Details : undefined---Invalid credentials || 2024-02-23 19:09:33 
[32minfo[39m: User login API hit... || 2024-02-23 19:10:50 
[31merror[39m: Users Details : undefined---Invalid credentials || 2024-02-23 19:10:50 
[32minfo[39m: User login API hit... || 2024-02-23 19:11:15 
[32minfo[39m: User login API hit... || 2024-02-23 19:11:15 
[31merror[39m: Users Details : test---Invalid credentials || 2024-02-23 19:11:15 
[31merror[39m: Users Details : test---Invalid credentials || 2024-02-23 19:11:15 
[32minfo[39m: Server is running on port 2000 || 2024-02-23 19:12:06 
[33mwarn[39m: DEV-Database connection Successfull || 2024-02-23 19:12:06 
[32minfo[39m: User login API hit... || 2024-02-23 19:12:08 
[31merror[39m: Users Details : test---Invalid credentials || 2024-02-23 19:12:08 
[32minfo[39m: User login API hit... || 2024-02-23 19:12:33 
[31merror[39m: Users Details : test---Invalid credentials || 2024-02-23 19:12:33 
[32minfo[39m: User login API hit... || 2024-02-23 19:13:49 
[31merror[39m: Users Details : test---Invalid credentials || 2024-02-23 19:13:49 
[32minfo[39m: User login API hit... || 2024-02-23 19:15:36 
[31merror[39m: Users Details : test---Invalid credentials || 2024-02-23 19:15:36 
[32minfo[39m: User login API hit... || 2024-02-23 19:15:59 
[31merror[39m: Users Details : undefined---Invalid credentials || 2024-02-23 19:15:59 
[32minfo[39m: User login API hit... || 2024-02-23 19:17:32 
[31merror[39m: Users Details : test---Invalid credentials || 2024-02-23 19:17:32 
[32minfo[39m: User login API hit... || 2024-02-23 19:18:06 
[31merror[39m: Users Details : test---Invalid credentials || 2024-02-23 19:18:06 
[32minfo[39m: User login API hit... || 2024-02-23 19:18:22 
[31merror[39m: Users Details : test---Invalid credentials || 2024-02-23 19:18:22 
[32minfo[39m: User login API hit... || 2024-02-23 19:18:55 
[31merror[39m: Users Details : test---Invalid credentials || 2024-02-23 19:18:55 
[32minfo[39m: User login API hit... || 2024-02-23 19:19:06 
[31merror[39m: Users Details : undefined---Invalid credentials || 2024-02-23 19:19:06 
[32minfo[39m: User login API hit... || 2024-02-23 19:19:42 
[32minfo[39m: Users Details : m2p287---Login success || 2024-02-23 19:19:42 
