info: Server is running on port 2000 || timestamp: 09-02-2024 11:08:55 AM 
warn: DEV-Database connection Successfull || timestamp: 09-02-2024 11:08:56 AM 
info: Server is running on port 2000 || timestamp: 09-02-2024 11:09:17 AM 
warn: DEV-Database connection Successfull || timestamp: 09-02-2024 11:09:17 AM 
info: Server is running on port 2000 || timestamp: 09-02-2024 11:10:33 AM 
warn: DEV-Database connection Successfull || timestamp: 09-02-2024 11:10:33 AM 
info: Server is running on port 2000 || timestamp: 09-02-2024 11:10:35 AM 
warn: DEV-Database connection Successfull || timestamp: 09-02-2024 11:10:35 AM 
info: Server is running on port 2000 || timestamp: 09-02-2024 11:10:45 AM 
warn: DEV-Database connection Successfull || timestamp: 09-02-2024 11:10:45 AM 
info: Server is running on port 2000 || timestamp: 09-02-2024 11:10:58 AM 
warn: DEV-Database connection Successfull || timestamp: 09-02-2024 11:10:58 AM 
info: Server is running on port 2000 || timestamp: 09-02-2024 11:16:23 AM 
warn: DEV-Database connection Successfull || timestamp: 09-02-2024 11:16:23 AM 
info: Server is running on port 2000 || timestamp: 09-02-2024 11:22:48 AM 
warn: DEV-Database connection Successfull || timestamp: 09-02-2024 11:22:48 AM 
info: Server is running on port 2000 || timestamp: 09-02-2024 11:53:20 AM 
warn: DEV-Database connection Successfull || timestamp: 09-02-2024 11:53:20 AM 
info: Server is running on port 2000 || timestamp: 09-02-2024 11:53:55 AM 
warn: DEV-Database connection Successfull || timestamp: 09-02-2024 11:53:55 AM 
info: Server is running on port 2000 || timestamp: 09-02-2024 11:54:8 AM 
warn: DEV-Database connection Successfull || timestamp: 09-02-2024 11:54:8 AM 
info: Server is running on port 2000 || timestamp: 09-02-2024 11:55:55 AM 
warn: DEV-Database connection Successfull || timestamp: 09-02-2024 11:55:55 AM 
info: Server is running on port 2000 || timestamp: 09-02-2024 11:56:1 AM 
warn: DEV-Database connection Successfull || timestamp: 09-02-2024 11:56:1 AM 
info: Server is running on port 2000 || timestamp: 09-02-2024 11:56:29 AM 
warn: DEV-Database connection Successfull || timestamp: 09-02-2024 11:56:29 AM 
info: Server is running on port 2000 || timestamp: 09-02-2024 11:56:36 AM 
warn: DEV-Database connection Successfull || timestamp: 09-02-2024 11:56:36 AM 
info: Server is running on port 2000 || timestamp: 09-02-2024 11:57:22 AM 
warn: DEV-Database connection Successfull || timestamp: 09-02-2024 11:57:22 AM 
info: Server is running on port 2000 || timestamp: 09-02-2024 11:58:15 AM 
warn: DEV-Database connection Successfull || timestamp: 09-02-2024 11:58:15 AM 
info: Server is running on port 2000 || timestamp: 09-02-2024 12:02:12 PM 
warn: DEV-Database connection Successfull || timestamp: 09-02-2024 12:02:12 PM 
info: Server is running on port 2000 || timestamp: 09-02-2024 12:05:20 PM 
warn: DEV-Database connection Successfull || timestamp: 09-02-2024 12:05:20 PM 
info: Server is running on port 2000 || timestamp: 09-02-2024 12:11:13 PM 
warn: DEV-Database connection Successfull || timestamp: 09-02-2024 12:11:13 PM 
info: Server is running on port 2000 || timestamp: 09-02-2024 12:13:32 PM 
warn: DEV-Database connection Successfull || timestamp: 09-02-2024 12:13:32 PM 
info: Server is running on port 2000 || timestamp: 09-02-2024 12:19:16 PM 
warn: DEV-Database connection Successfull || timestamp: 09-02-2024 12:19:17 PM 
info: Server is running on port 2000 || timestamp: 09-02-2024 12:21:18 PM 
warn: DEV-Database connection Successfull || timestamp: 09-02-2024 12:21:18 PM 
info: Server is running on port 2000 || timestamp: 09-02-2024 12:21:30 PM 
warn: DEV-Database connection Successfull || timestamp: 09-02-2024 12:21:30 PM 
info: Server is running on port 2000 || timestamp: 09-02-2024 12:41:28 PM 
warn: DEV-Database connection Successfull || timestamp: 09-02-2024 12:41:28 PM 
info: Server is running on port 2000 || timestamp: 09-02-2024 1:11:26 PM 
warn: DEV-Database connection Successfull || timestamp: 09-02-2024 1:11:26 PM 
info: Server is running on port 2000 || timestamp: 09-02-2024 1:13:2 PM 
warn: DEV-Database connection Successfull || timestamp: 09-02-2024 1:13:2 PM 
info: Server is running on port 2000 || timestamp: 09-02-2024 1:13:21 PM 
warn: DEV-Database connection Successfull || timestamp: 09-02-2024 1:13:21 PM 
info: Server is running on port 2000 || timestamp: 09-02-2024 1:13:51 PM 
warn: DEV-Database connection Successfull || timestamp: 09-02-2024 1:13:51 PM 
info: Server is running on port 2000 || timestamp: 09-02-2024 1:15:20 PM 
warn: DEV-Database connection Successfull || timestamp: 09-02-2024 1:15:20 PM 
info: Server is running on port 2000 || timestamp: 09-02-2024 1:18:29 PM 
warn: DEV-Database connection Successfull || timestamp: 09-02-2024 1:18:29 PM 
info: Server is running on port 2000 || timestamp: 09-02-2024 1:25:15 PM 
warn: DEV-Database connection Successfull || timestamp: 09-02-2024 1:25:16 PM 
info: Server is running on port 2000 || timestamp: 09-02-2024 1:25:26 PM 
warn: DEV-Database connection Successfull || timestamp: 09-02-2024 1:25:26 PM 
info: Server is running on port 2000 || timestamp: 09-02-2024 1:25:47 PM 
warn: DEV-Database connection Successfull || timestamp: 09-02-2024 1:25:47 PM 
info: Server is running on port 2000 || timestamp: 09-02-2024 1:29:7 PM 
warn: DEV-Database connection Successfull || timestamp: 09-02-2024 1:29:7 PM 
info: Server is running on port 2000 || timestamp: 09-02-2024 1:30:1 PM 
warn: DEV-Database connection Successfull || timestamp: 09-02-2024 1:30:1 PM 
info: Server is running on port 2000 || timestamp: 09-02-2024 2:29:28 PM 
warn: DEV-Database connection Successfull || timestamp: 09-02-2024 2:29:28 PM 
info: Server is running on port 2000 || timestamp: 09-02-2024 3:13:16 PM 
warn: DEV-Database connection Successfull || timestamp: 09-02-2024 3:13:16 PM 
info: Server is running on port 2000 || timestamp: 09-02-2024 3:17:44 PM 
warn: DEV-Database connection Successfull || timestamp: 09-02-2024 3:17:44 PM 
info: Server is running on port 2000 || timestamp: 09-02-2024 3:22:0 PM 
warn: DEV-Database connection Successfull || timestamp: 09-02-2024 3:22:0 PM 
info: Server is running on port 2000 || timestamp: 09-02-2024 3:22:20 PM 
warn: DEV-Database connection Successfull || timestamp: 09-02-2024 3:22:20 PM 
info: Server is running on port 2000 || timestamp: 09-02-2024 3:22:36 PM 
warn: DEV-Database connection Successfull || timestamp: 09-02-2024 3:22:36 PM 
info: Server is running on port 2000 || timestamp: 09-02-2024 3:22:43 PM 
warn: DEV-Database connection Successfull || timestamp: 09-02-2024 3:22:43 PM 
info: Server is running on port 2000 || timestamp: 09-02-2024 3:23:22 PM 
warn: DEV-Database connection Successfull || timestamp: 09-02-2024 3:23:22 PM 
info: Server is running on port 2000 || timestamp: 09-02-2024 3:25:2 PM 
warn: DEV-Database connection Successfull || timestamp: 09-02-2024 3:25:2 PM 
info: Server is running on port 2000 || timestamp: 09-02-2024 3:26:58 PM 
warn: DEV-Database connection Successfull || timestamp: 09-02-2024 3:26:58 PM 
info: Server is running on port 2000 || timestamp: 09-02-2024 3:50:26 PM 
warn: DEV-Database connection Successfull || timestamp: 09-02-2024 3:50:26 PM 
info: Server is running on port 2000 || timestamp: 09-02-2024 3:59:3 PM 
warn: DEV-Database connection Successfull || timestamp: 09-02-2024 3:59:4 PM 
info: Server is running on port 2000 || timestamp: 09-02-2024 3:59:13 PM 
warn: DEV-Database connection Successfull || timestamp: 09-02-2024 3:59:13 PM 
info: Server is running on port 2000 || timestamp: 09-02-2024 4:00:8 PM 
warn: DEV-Database connection Successfull || timestamp: 09-02-2024 4:00:8 PM 
info: Server is running on port 2000 || timestamp: 09-02-2024 4:05:48 PM 
warn: DEV-Database connection Successfull || timestamp: 09-02-2024 4:05:48 PM 
info: Server is running on port 2000 || timestamp: 09-02-2024 4:08:3 PM 
warn: DEV-Database connection Successfull || timestamp: 09-02-2024 4:08:3 PM 
info: Server is running on port 2000 || timestamp: 09-02-2024 4:08:16 PM 
warn: DEV-Database connection Successfull || timestamp: 09-02-2024 4:08:16 PM 
info: Server is running on port 2000 || timestamp: 09-02-2024 4:09:52 PM 
warn: DEV-Database connection Successfull || timestamp: 09-02-2024 4:09:52 PM 
info: Server is running on port 2000 || timestamp: 09-02-2024 4:09:59 PM 
warn: DEV-Database connection Successfull || timestamp: 09-02-2024 4:09:59 PM 
info: Server is running on port 2000 || timestamp: 09-02-2024 4:11:48 PM 
warn: DEV-Database connection Successfull || timestamp: 09-02-2024 4:11:48 PM 
info: Server is running on port 2000 || timestamp: 09-02-2024 4:12:1 PM 
warn: DEV-Database connection Successfull || timestamp: 09-02-2024 4:12:1 PM 
info: Server is running on port 2000 || timestamp: 09-02-2024 4:13:18 PM 
warn: DEV-Database connection Successfull || timestamp: 09-02-2024 4:13:18 PM 
info: Server is running on port 2000 || timestamp: 09-02-2024 4:15:7 PM 
warn: DEV-Database connection Successfull || timestamp: 09-02-2024 4:15:7 PM 
info: Server is running on port 2000 || timestamp: 09-02-2024 4:16:0 PM 
warn: DEV-Database connection Successfull || timestamp: 09-02-2024 4:16:0 PM 
info: Server is running on port 2000 || timestamp: 09-02-2024 4:16:16 PM 
warn: DEV-Database connection Successfull || timestamp: 09-02-2024 4:16:16 PM 
info: Server is running on port 2000 || timestamp: 09-02-2024 4:16:22 PM 
warn: DEV-Database connection Successfull || timestamp: 09-02-2024 4:16:22 PM 
info: Server is running on port 2000 || timestamp: 09-02-2024 4:17:9 PM 
warn: DEV-Database connection Successfull || timestamp: 09-02-2024 4:17:9 PM 
info: Server is running on port 2000 || timestamp: 09-02-2024 4:17:15 PM 
warn: DEV-Database connection Successfull || timestamp: 09-02-2024 4:17:15 PM 
info: Server is running on port 2000 || timestamp: 09-02-2024 4:20:22 PM 
warn: DEV-Database connection Successfull || timestamp: 09-02-2024 4:20:22 PM 
info: Server is running on port 2000 || timestamp: 09-02-2024 4:21:4 PM 
warn: DEV-Database connection Successfull || timestamp: 09-02-2024 4:21:4 PM 
info: Server is running on port 2000 || timestamp: 09-02-2024 4:21:46 PM 
warn: DEV-Database connection Successfull || timestamp: 09-02-2024 4:21:46 PM 
info: Server is running on port 2000 || timestamp: 09-02-2024 4:21:54 PM 
warn: DEV-Database connection Successfull || timestamp: 09-02-2024 4:21:54 PM 
info: Server is running on port 2000 || timestamp: 09-02-2024 4:22:11 PM 
warn: DEV-Database connection Successfull || timestamp: 09-02-2024 4:22:11 PM 
info: Server is running on port 2000 || timestamp: 09-02-2024 4:22:39 PM 
warn: DEV-Database connection Successfull || timestamp: 09-02-2024 4:22:39 PM 
info: Server is running on port 2000 || timestamp: 09-02-2024 4:22:55 PM 
warn: DEV-Database connection Successfull || timestamp: 09-02-2024 4:22:55 PM 
info: Server is running on port 2000 || timestamp: 09-02-2024 4:23:21 PM 
warn: DEV-Database connection Successfull || timestamp: 09-02-2024 4:23:21 PM 
info: Server is running on port 2000 || timestamp: 09-02-2024 4:59:18 PM 
warn: DEV-Database connection Successfull || timestamp: 09-02-2024 4:59:18 PM 
info: Server is running on port 2000 || timestamp: 09-02-2024 5:01:59 PM 
warn: DEV-Database connection Successfull || timestamp: 09-02-2024 5:01:59 PM 
info: Server is running on port 2000 || timestamp: 09-02-2024 5:02:6 PM 
warn: DEV-Database connection Successfull || timestamp: 09-02-2024 5:02:6 PM 
info: Server is running on port 2000 || timestamp: 09-02-2024 5:02:20 PM 
warn: DEV-Database connection Successfull || timestamp: 09-02-2024 5:02:20 PM 
info: Server is running on port 2000 || timestamp: 09-02-2024 5:02:25 PM 
warn: DEV-Database connection Successfull || timestamp: 09-02-2024 5:02:25 PM 
info: Server is running on port 2000 || timestamp: 09-02-2024 5:03:23 PM 
warn: DEV-Database connection Successfull || timestamp: 09-02-2024 5:03:23 PM 
info: Server is running on port 2000 || timestamp: 09-02-2024 5:04:9 PM 
warn: DEV-Database connection Successfull || timestamp: 09-02-2024 5:04:9 PM 
info: Server is running on port 2000 || timestamp: 09-02-2024 5:04:26 PM 
warn: DEV-Database connection Successfull || timestamp: 09-02-2024 5:04:26 PM 
info: Server is running on port 2000 || timestamp: 09-02-2024 5:05:6 PM 
warn: DEV-Database connection Successfull || timestamp: 09-02-2024 5:05:6 PM 
info: Server is running on port 2000 || timestamp: 09-02-2024 5:08:24 PM 
warn: DEV-Database connection Successfull || timestamp: 09-02-2024 5:08:24 PM 
info: Server is running on port 2000 || timestamp: 09-02-2024 5:08:31 PM 
warn: DEV-Database connection Successfull || timestamp: 09-02-2024 5:08:31 PM 
info: Server is running on port 2000 || timestamp: 09-02-2024 5:12:38 PM 
warn: DEV-Database connection Successfull || timestamp: 09-02-2024 5:12:38 PM 
info: Server is running on port 2000 || timestamp: 09-02-2024 5:12:42 PM 
warn: DEV-Database connection Successfull || timestamp: 09-02-2024 5:12:42 PM 
info: Server is running on port 2000 || timestamp: 09-02-2024 5:16:26 PM 
warn: DEV-Database connection Successfull || timestamp: 09-02-2024 5:16:26 PM 
info: Server is running on port 2000 || timestamp: 09-02-2024 5:19:48 PM 
warn: DEV-Database connection Successfull || timestamp: 09-02-2024 5:19:48 PM 
info: Server is running on port 2000 || timestamp: 09-02-2024 5:20:30 PM 
warn: DEV-Database connection Successfull || timestamp: 09-02-2024 5:20:30 PM 
info: Server is running on port 2000 || timestamp: 09-02-2024 5:20:53 PM 
warn: DEV-Database connection Successfull || timestamp: 09-02-2024 5:20:53 PM 
info: Server is running on port 2000 || timestamp: 09-02-2024 5:20:59 PM 
warn: DEV-Database connection Successfull || timestamp: 09-02-2024 5:20:59 PM 
info: Server is running on port 2000 || timestamp: 09-02-2024 5:22:10 PM 
warn: DEV-Database connection Successfull || timestamp: 09-02-2024 5:22:10 PM 
info: Server is running on port 2000 || timestamp: 09-02-2024 5:22:21 PM 
warn: DEV-Database connection Successfull || timestamp: 09-02-2024 5:22:21 PM 
info: Server is running on port 2000 || timestamp: 09-02-2024 5:22:31 PM 
warn: DEV-Database connection Successfull || timestamp: 09-02-2024 5:22:31 PM 
info: Server is running on port 2000 || timestamp: 09-02-2024 5:26:13 PM 
warn: DEV-Database connection Successfull || timestamp: 09-02-2024 5:26:13 PM 
info: Server is running on port 2000 || timestamp: 09-02-2024 5:26:23 PM 
warn: DEV-Database connection Successfull || timestamp: 09-02-2024 5:26:23 PM 
info: Server is running on port 2000 || timestamp: 09-02-2024 5:38:22 PM 
warn: DEV-Database connection Successfull || timestamp: 09-02-2024 5:38:22 PM 
info: Server is running on port 2000 || timestamp: 09-02-2024 5:38:32 PM 
warn: DEV-Database connection Successfull || timestamp: 09-02-2024 5:38:32 PM 
info: Server is running on port 2000 || timestamp: 09-02-2024 5:44:21 PM 
warn: DEV-Database connection Successfull || timestamp: 09-02-2024 5:44:21 PM 
info: Server is running on port 2000 || timestamp: 09-02-2024 5:45:33 PM 
warn: DEV-Database connection Successfull || timestamp: 09-02-2024 5:45:33 PM 
info: Server is running on port 2000 || timestamp: 09-02-2024 5:49:46 PM 
warn: DEV-Database connection Successfull || timestamp: 09-02-2024 5:49:46 PM 
info: Server is running on port 2000 || timestamp: 09-02-2024 5:53:40 PM 
warn: DEV-Database connection Successfull || timestamp: 09-02-2024 5:53:40 PM 
info: Server is running on port 2000 || timestamp: 09-02-2024 5:57:3 PM 
warn: DEV-Database connection Successfull || timestamp: 09-02-2024 5:57:3 PM 
info: Server is running on port 2000 || timestamp: 09-02-2024 6:03:14 PM 
warn: DEV-Database connection Successfull || timestamp: 09-02-2024 6:03:14 PM 
info: Server is running on port 2000 || timestamp: 09-02-2024 6:04:14 PM 
warn: DEV-Database connection Successfull || timestamp: 09-02-2024 6:04:14 PM 
info: Server is running on port 2000 || timestamp: 09-02-2024 6:04:50 PM 
warn: DEV-Database connection Successfull || timestamp: 09-02-2024 6:04:50 PM 
info: Server is running on port 2000 || timestamp: 09-02-2024 6:05:7 PM 
warn: DEV-Database connection Successfull || timestamp: 09-02-2024 6:05:7 PM 
info: Server is running on port 2000 || timestamp: 09-02-2024 6:05:16 PM 
warn: DEV-Database connection Successfull || timestamp: 09-02-2024 6:05:16 PM 
info: Server is running on port 2000 || timestamp: 09-02-2024 6:06:1 PM 
warn: DEV-Database connection Successfull || timestamp: 09-02-2024 6:06:1 PM 
info: Server is running on port 2000 || timestamp: 09-02-2024 6:06:52 PM 
warn: DEV-Database connection Successfull || timestamp: 09-02-2024 6:06:52 PM 
info: Server is running on port 2000 || timestamp: 09-02-2024 6:07:38 PM 
warn: DEV-Database connection Successfull || timestamp: 09-02-2024 6:07:38 PM 
info: Server is running on port 2000 || timestamp: 09-02-2024 6:08:40 PM 
warn: DEV-Database connection Successfull || timestamp: 09-02-2024 6:08:40 PM 
info: Server is running on port 2000 || timestamp: 09-02-2024 6:08:48 PM 
warn: DEV-Database connection Successfull || timestamp: 09-02-2024 6:08:48 PM 
info: Server is running on port 2000 || timestamp: 09-02-2024 8:07:50 PM 
warn: DEV-Database connection Successfull || timestamp: 09-02-2024 8:07:50 PM 
info: Server is running on port 2000 || timestamp: 09-02-2024 8:08:14 PM 
warn: DEV-Database connection Successfull || timestamp: 09-02-2024 8:08:14 PM 
info: Server is running on port 2000 || timestamp: 09-02-2024 8:27:46 PM 
warn: DEV-Database connection Successfull || timestamp: 09-02-2024 8:27:46 PM 
info: Server is running on port 2000 || timestamp: 09-02-2024 8:27:49 PM 
warn: DEV-Database connection Successfull || timestamp: 09-02-2024 8:27:49 PM 
info: Server is running on port 2000 || timestamp: 09-02-2024 8:28:11 PM 
warn: DEV-Database connection Successfull || timestamp: 09-02-2024 8:28:11 PM 
info: Server is running on port 2000 || timestamp: 09-02-2024 8:28:36 PM 
warn: DEV-Database connection Successfull || timestamp: 09-02-2024 8:28:36 PM 
info: Server is running on port 2000 || timestamp: 09-02-2024 8:28:49 PM 
warn: DEV-Database connection Successfull || timestamp: 09-02-2024 8:28:49 PM 
info: Server is running on port 2000 || timestamp: 09-02-2024 8:41:10 PM 
warn: DEV-Database connection Successfull || timestamp: 09-02-2024 8:41:10 PM 
info: Server is running on port 2000 || timestamp: 09-02-2024 8:43:17 PM 
warn: DEV-Database connection Successfull || timestamp: 09-02-2024 8:43:17 PM 
info: Server is running on port 2000 || timestamp: 09-02-2024 8:44:4 PM 
warn: DEV-Database connection Successfull || timestamp: 09-02-2024 8:44:4 PM 
info: Server is running on port 2000 || timestamp: 09-02-2024 8:48:18 PM 
warn: DEV-Database connection Successfull || timestamp: 09-02-2024 8:48:18 PM 
info: Server is running on port 2000 || timestamp: 09-02-2024 8:48:52 PM 
warn: DEV-Database connection Successfull || timestamp: 09-02-2024 8:48:52 PM 
info: Server is running on port 2000 || timestamp: 09-02-2024 9:27:51 PM 
warn: DEV-Database connection Successfull || timestamp: 09-02-2024 9:27:51 PM 
info: Server is running on port 2000 || timestamp: 09-02-2024 9:28:32 PM 
warn: DEV-Database connection Successfull || timestamp: 09-02-2024 9:28:32 PM 
info: Server is running on port 2000 || timestamp: 09-02-2024 9:29:15 PM 
warn: DEV-Database connection Successfull || timestamp: 09-02-2024 9:29:15 PM 
info: Server is running on port 2000 || timestamp: 09-02-2024 9:34:36 PM 
warn: DEV-Database connection Successfull || timestamp: 09-02-2024 9:34:36 PM 
info: Server is running on port 2000 || timestamp: 09-02-2024 9:34:43 PM 
warn: DEV-Database connection Successfull || timestamp: 09-02-2024 9:34:43 PM 
info: Server is running on port 2000 || timestamp: 09-02-2024 9:36:2 PM 
warn: DEV-Database connection Successfull || timestamp: 09-02-2024 9:36:2 PM 
info: Server is running on port 2000 || timestamp: 09-02-2024 9:36:19 PM 
warn: DEV-Database connection Successfull || timestamp: 09-02-2024 9:36:19 PM 
info: Server is running on port 2000 || timestamp: 09-02-2024 9:42:21 PM 
warn: DEV-Database connection Successfull || timestamp: 09-02-2024 9:42:21 PM 
info: Server is running on port 2000 || timestamp: 09-02-2024 9:43:17 PM 
warn: DEV-Database connection Successfull || timestamp: 09-02-2024 9:43:17 PM 
info: Server is running on port 2000 || timestamp: 09-02-2024 9:43:26 PM 
warn: DEV-Database connection Successfull || timestamp: 09-02-2024 9:43:26 PM 
info: Server is running on port 2000 || timestamp: 09-02-2024 9:43:26 PM 
warn: DEV-Database connection Successfull || timestamp: 09-02-2024 9:43:26 PM 
info: Server is running on port 2000 || timestamp: 09-02-2024 9:43:52 PM 
warn: DEV-Database connection Successfull || timestamp: 09-02-2024 9:43:52 PM 
info: Server is running on port 2000 || timestamp: 09-02-2024 9:44:3 PM 
warn: DEV-Database connection Successfull || timestamp: 09-02-2024 9:44:3 PM 
info: Server is running on port 2000 || timestamp: 09-02-2024 9:44:34 PM 
warn: DEV-Database connection Successfull || timestamp: 09-02-2024 9:44:34 PM 
info: Server is running on port 2000 || timestamp: 09-02-2024 9:47:55 PM 
warn: DEV-Database connection Successfull || timestamp: 09-02-2024 9:47:55 PM 
info: Server is running on port 2000 || timestamp: 09-02-2024 9:49:35 PM 
warn: DEV-Database connection Successfull || timestamp: 09-02-2024 9:49:35 PM 
info: Server is running on port 2000 || timestamp: 09-02-2024 9:49:48 PM 
warn: DEV-Database connection Successfull || timestamp: 09-02-2024 9:49:48 PM 
info: Server is running on port 2000 || timestamp: 09-02-2024 10:11:2 PM 
warn: DEV-Database connection Successfull || timestamp: 09-02-2024 10:11:2 PM 
info: Server is running on port 2000 || timestamp: 09-02-2024 10:13:34 PM 
warn: DEV-Database connection Successfull || timestamp: 09-02-2024 10:13:34 PM 
info: Server is running on port 2000 || timestamp: 09-02-2024 10:13:48 PM 
warn: DEV-Database connection Successfull || timestamp: 09-02-2024 10:13:48 PM 
info: Server is running on port 2000 || timestamp: 09-02-2024 10:16:14 PM 
warn: DEV-Database connection Successfull || timestamp: 09-02-2024 10:16:14 PM 
info: Server is running on port 2000 || timestamp: 09-02-2024 10:19:45 PM 
warn: DEV-Database connection Successfull || timestamp: 09-02-2024 10:19:45 PM 
info: Server is running on port 2000 || timestamp: 09-02-2024 10:21:24 PM 
warn: DEV-Database connection Successfull || timestamp: 09-02-2024 10:21:24 PM 
info: Server is running on port 2000 || timestamp: 09-02-2024 10:21:46 PM 
warn: DEV-Database connection Successfull || timestamp: 09-02-2024 10:21:47 PM 
info: Server is running on port 2000 || timestamp: 09-02-2024 10:26:46 PM 
warn: DEV-Database connection Successfull || timestamp: 09-02-2024 10:26:46 PM 
info: Server is running on port 2000 || timestamp: 09-02-2024 10:27:16 PM 
warn: DEV-Database connection Successfull || timestamp: 09-02-2024 10:27:16 PM 
info: Server is running on port 2000 || timestamp: 09-02-2024 10:27:55 PM 
warn: DEV-Database connection Successfull || timestamp: 09-02-2024 10:27:55 PM 
info: Server is running on port 2000 || timestamp: 09-02-2024 10:28:52 PM 
warn: DEV-Database connection Successfull || timestamp: 09-02-2024 10:28:52 PM 
info: Server is running on port 2000 || timestamp: 09-02-2024 10:32:53 PM 
warn: DEV-Database connection Successfull || timestamp: 09-02-2024 10:32:53 PM 
info: Server is running on port 2000 || timestamp: 09-02-2024 10:33:43 PM 
warn: DEV-Database connection Successfull || timestamp: 09-02-2024 10:33:43 PM 
info: Server is running on port 2000 || timestamp: 09-02-2024 10:34:19 PM 
warn: DEV-Database connection Successfull || timestamp: 09-02-2024 10:34:19 PM 
info: Server is running on port 2000 || timestamp: 09-02-2024 10:36:38 PM 
warn: DEV-Database connection Successfull || timestamp: 09-02-2024 10:36:38 PM 
info: Server is running on port 2000 || timestamp: 09-02-2024 10:37:5 PM 
warn: DEV-Database connection Successfull || timestamp: 09-02-2024 10:37:5 PM 
info: Server is running on port 2000 || timestamp: 09-02-2024 10:37:29 PM 
warn: DEV-Database connection Successfull || timestamp: 09-02-2024 10:37:29 PM 
info: Server is running on port 2000 || timestamp: 09-02-2024 10:38:42 PM 
warn: DEV-Database connection Successfull || timestamp: 09-02-2024 10:38:42 PM 
info: Server is running on port 2000 || timestamp: 09-02-2024 10:39:17 PM 
warn: DEV-Database connection Successfull || timestamp: 09-02-2024 10:39:17 PM 
info: Server is running on port 2000 || timestamp: 09-02-2024 10:39:41 PM 
warn: DEV-Database connection Successfull || timestamp: 09-02-2024 10:39:41 PM 
info: Server is running on port 2000 || timestamp: 09-02-2024 10:40:21 PM 
warn: DEV-Database connection Successfull || timestamp: 09-02-2024 10:40:21 PM 
info: Server is running on port 2000 || timestamp: 09-02-2024 10:43:0 PM 
warn: DEV-Database connection Successfull || timestamp: 09-02-2024 10:43:0 PM 
info: Server is running on port 2000 || timestamp: 09-02-2024 10:46:41 PM 
warn: DEV-Database connection Successfull || timestamp: 09-02-2024 10:46:41 PM 
info: Server is running on port 2000 || timestamp: 09-02-2024 10:47:27 PM 
warn: DEV-Database connection Successfull || timestamp: 09-02-2024 10:47:27 PM 
info: Server is running on port 2000 || timestamp: 09-02-2024 10:49:7 PM 
warn: DEV-Database connection Successfull || timestamp: 09-02-2024 10:49:7 PM 
info: Server is running on port 2000 || timestamp: 09-02-2024 10:52:52 PM 
warn: DEV-Database connection Successfull || timestamp: 09-02-2024 10:52:52 PM 
info: Server is running on port 2000 || timestamp: 09-02-2024 10:54:44 PM 
warn: DEV-Database connection Successfull || timestamp: 09-02-2024 10:54:44 PM 
info: Server is running on port 2000 || timestamp: 09-02-2024 10:55:36 PM 
warn: DEV-Database connection Successfull || timestamp: 09-02-2024 10:55:36 PM 
info: Server is running on port 2000 || timestamp: 09-02-2024 10:57:35 PM 
warn: DEV-Database connection Successfull || timestamp: 09-02-2024 10:57:35 PM 
info: Server is running on port 2000 || timestamp: 09-02-2024 10:58:28 PM 
warn: DEV-Database connection Successfull || timestamp: 09-02-2024 10:58:28 PM 
info: Server is running on port 2000 || timestamp: 09-02-2024 10:59:34 PM 
warn: DEV-Database connection Successfull || timestamp: 09-02-2024 10:59:34 PM 
info: Server is running on port 2000 || timestamp: 09-02-2024 11:01:27 PM 
warn: DEV-Database connection Successfull || timestamp: 09-02-2024 11:01:27 PM 
info: Server is running on port 2000 || timestamp: 09-02-2024 11:03:58 PM 
warn: DEV-Database connection Successfull || timestamp: 09-02-2024 11:03:58 PM 
info: Server is running on port 2000 || timestamp: 09-02-2024 11:04:45 PM 
warn: DEV-Database connection Successfull || timestamp: 09-02-2024 11:04:45 PM 
info: Server is running on port 2000 || timestamp: 09-02-2024 11:05:20 PM 
warn: DEV-Database connection Successfull || timestamp: 09-02-2024 11:05:20 PM 
info: Server is running on port 2000 || timestamp: 09-02-2024 11:09:34 PM 
warn: DEV-Database connection Successfull || timestamp: 09-02-2024 11:09:34 PM 
info: Server is running on port 2000 || timestamp: 09-02-2024 11:10:5 PM 
warn: DEV-Database connection Successfull || timestamp: 09-02-2024 11:10:5 PM 
info: Server is running on port 2000 || timestamp: 09-02-2024 11:12:52 PM 
warn: DEV-Database connection Successfull || timestamp: 09-02-2024 11:12:52 PM 
error: Error retrieving analytics data: 7 PERMISSION_DENIED: Google Analytics Data API has not been used in project 357221074662 before or it is disabled. Enable it by visiting https://console.developers.google.com/apis/api/analyticsdata.googleapis.com/overview?project=357221074662 then retry. If you enabled this API recently, wait a few minutes for the action to propagate to our systems and retry. || timestamp: 09-02-2024 11:12:53 PM 
