info: Server is running on port 2000 || timestamp: 11-02-2024 1:30:36 AM 
warn: DEV-Database connection Successfull || timestamp: 11-02-2024 1:30:36 AM 
info: Server is running on port 2000 || timestamp: 11-02-2024 1:31:32 AM 
warn: DEV-Database connection Successfull || timestamp: 11-02-2024 1:31:32 AM 
info: Server is running on port 2000 || timestamp: 11-02-2024 1:34:8 AM 
warn: DEV-Database connection Successfull || timestamp: 11-02-2024 1:34:8 AM 
info: Server is running on port 2000 || timestamp: 11-02-2024 1:35:26 AM 
warn: DEV-Database connection Successfull || timestamp: 11-02-2024 1:35:26 AM 
info: Server is running on port 2000 || timestamp: 11-02-2024 1:37:10 AM 
warn: DEV-Database connection Successfull || timestamp: 11-02-2024 1:37:10 AM 
error: E11000 duplicate key error collection: blog.posts index: title_1 dup key: { title: "Elevate your Banking Operations with our Integrated Debit Card Management System" } || timestamp: 11-02-2024 1:38:15 AM 
error: Unknown error: E11000 duplicate key error collection: blog.posts index: title_1 dup key: { title: "Elevate your Banking Operations with our Integrated Debit Card Management System" } || timestamp: 11-02-2024 1:38:15 AM 
info: Server is running on port 2000 || timestamp: 11-02-2024 1:45:8 AM 
warn: DEV-Database connection Successfull || timestamp: 11-02-2024 1:45:8 AM 
info: Server is running on port 2000 || timestamp: 11-02-2024 1:49:52 AM 
warn: DEV-Database connection Successfull || timestamp: 11-02-2024 1:49:52 AM 
info: Server is running on port 2000 || timestamp: 11-02-2024 1:50:46 AM 
warn: DEV-Database connection Successfull || timestamp: 11-02-2024 1:50:46 AM 
info: Server is running on port 2000 || timestamp: 11-02-2024 1:53:3 AM 
warn: DEV-Database connection Successfull || timestamp: 11-02-2024 1:53:3 AM 
info: Server is running on port 2000 || timestamp: 11-02-2024 1:53:45 AM 
warn: DEV-Database connection Successfull || timestamp: 11-02-2024 1:53:45 AM 
info: Server is running on port 2000 || timestamp: 11-02-2024 1:54:30 AM 
warn: DEV-Database connection Successfull || timestamp: 11-02-2024 1:54:30 AM 
info: Blog data import API hit || timestamp: 11-02-2024 1:54:42 AM 
info: Data imported successfully || timestamp: 11-02-2024 1:54:45 AM 
info: Server is running on port 2000 || timestamp: 11-02-2024 1:57:25 AM 
warn: DEV-Database connection Successfull || timestamp: 11-02-2024 1:57:25 AM 
info: Blog data import API hit || timestamp: 11-02-2024 1:57:52 AM 
info: Data imported successfully || timestamp: 11-02-2024 1:57:56 AM 
info: Server is running on port 2000 || timestamp: 11-02-2024 2:00:3 AM 
warn: DEV-Database connection Successfull || timestamp: 11-02-2024 2:00:3 AM 
info: Blog data import API hit || timestamp: 11-02-2024 2:00:9 AM 
info: Data imported successfully || timestamp: 11-02-2024 2:00:9 AM 
info: Server is running on port 2000 || timestamp: 11-02-2024 2:01:42 AM 
warn: DEV-Database connection Successfull || timestamp: 11-02-2024 2:01:42 AM 
info: Blog data import API hit || timestamp: 11-02-2024 2:01:45 AM 
error: Cannot read properties of undefined (reading '__cdata') || timestamp: 11-02-2024 2:01:45 AM 
error: Unknown error: Cannot read properties of undefined (reading '__cdata') || timestamp: 11-02-2024 2:01:45 AM 
info: Server is running on port 2000 || timestamp: 11-02-2024 2:02:13 AM 
warn: DEV-Database connection Successfull || timestamp: 11-02-2024 2:02:13 AM 
info: Blog data import API hit || timestamp: 11-02-2024 2:02:18 AM 
info: Data imported successfully || timestamp: 11-02-2024 2:02:18 AM 
info: Server is running on port 2000 || timestamp: 11-02-2024 2:02:46 AM 
warn: DEV-Database connection Successfull || timestamp: 11-02-2024 2:02:46 AM 
info: Server is running on port 2000 || timestamp: 11-02-2024 2:03:17 AM 
warn: DEV-Database connection Successfull || timestamp: 11-02-2024 2:03:17 AM 
info: Blog data import API hit || timestamp: 11-02-2024 2:03:19 AM 
info: Data imported successfully || timestamp: 11-02-2024 2:03:19 AM 
info: Server is running on port 2000 || timestamp: 11-02-2024 2:05:0 AM 
warn: DEV-Database connection Successfull || timestamp: 11-02-2024 2:05:0 AM 
info: Blog data import API hit || timestamp: 11-02-2024 2:05:5 AM 
info: Data imported successfully || timestamp: 11-02-2024 2:05:5 AM 
info: Server is running on port 2000 || timestamp: 11-02-2024 2:05:31 AM 
warn: DEV-Database connection Successfull || timestamp: 11-02-2024 2:05:31 AM 
info: Blog data import API hit || timestamp: 11-02-2024 2:05:40 AM 
info: Data imported successfully || timestamp: 11-02-2024 2:05:40 AM 
info: Server is running on port 2000 || timestamp: 11-02-2024 2:07:31 AM 
warn: DEV-Database connection Successfull || timestamp: 11-02-2024 2:07:31 AM 
info: Blog data import API hit || timestamp: 11-02-2024 2:07:35 AM 
info: Data imported successfully || timestamp: 11-02-2024 2:07:35 AM 
info: Server is running on port 2000 || timestamp: 11-02-2024 2:08:3 AM 
warn: DEV-Database connection Successfull || timestamp: 11-02-2024 2:08:3 AM 
info: Blog data import API hit || timestamp: 11-02-2024 2:08:6 AM 
info: Data imported successfully || timestamp: 11-02-2024 2:08:6 AM 
info: Server is running on port 2000 || timestamp: 11-02-2024 2:08:20 AM 
warn: DEV-Database connection Successfull || timestamp: 11-02-2024 2:08:20 AM 
info: Blog data import API hit || timestamp: 11-02-2024 2:08:27 AM 
info: Data imported successfully || timestamp: 11-02-2024 2:08:27 AM 
info: Server is running on port 2000 || timestamp: 11-02-2024 2:08:51 AM 
warn: DEV-Database connection Successfull || timestamp: 11-02-2024 2:08:51 AM 
info: Blog data import API hit || timestamp: 11-02-2024 2:08:56 AM 
info: Data imported successfully || timestamp: 11-02-2024 2:08:56 AM 
info: Server is running on port 2000 || timestamp: 11-02-2024 2:14:19 AM 
warn: DEV-Database connection Successfull || timestamp: 11-02-2024 2:14:19 AM 
info: Server is running on port 2000 || timestamp: 11-02-2024 2:14:33 AM 
warn: DEV-Database connection Successfull || timestamp: 11-02-2024 2:14:33 AM 
info: Blog data import API hit || timestamp: 11-02-2024 2:14:38 AM 
info: Data imported successfully || timestamp: 11-02-2024 2:14:38 AM 
info: Server is running on port 2000 || timestamp: 11-02-2024 2:14:58 AM 
warn: DEV-Database connection Successfull || timestamp: 11-02-2024 2:14:58 AM 
info: Blog data import API hit || timestamp: 11-02-2024 2:15:1 AM 
info: Data imported successfully || timestamp: 11-02-2024 2:15:1 AM 
info: Server is running on port 2000 || timestamp: 11-02-2024 2:15:55 AM 
warn: DEV-Database connection Successfull || timestamp: 11-02-2024 2:15:55 AM 
info: Blog data import API hit || timestamp: 11-02-2024 2:16:10 AM 
error: filter is not defined || timestamp: 11-02-2024 2:16:10 AM 
error: Unknown error: filter is not defined || timestamp: 11-02-2024 2:16:10 AM 
info: Server is running on port 2000 || timestamp: 11-02-2024 2:16:27 AM 
warn: DEV-Database connection Successfull || timestamp: 11-02-2024 2:16:27 AM 
info: Server is running on port 2000 || timestamp: 11-02-2024 2:16:33 AM 
warn: DEV-Database connection Successfull || timestamp: 11-02-2024 2:16:33 AM 
info: Blog data import API hit || timestamp: 11-02-2024 2:16:38 AM 
error: E11000 duplicate key error collection: blog.posts index: title_1 dup key: { title: "Elevate your Banking Operations with our Integrated Debit Card Management System" } || timestamp: 11-02-2024 2:16:39 AM 
error: Unknown error: E11000 duplicate key error collection: blog.posts index: title_1 dup key: { title: "Elevate your Banking Operations with our Integrated Debit Card Management System" } || timestamp: 11-02-2024 2:16:39 AM 
info: Blog data import API hit || timestamp: 11-02-2024 2:17:31 AM 
info: Data imported successfully || timestamp: 11-02-2024 2:17:35 AM 
info: Server is running on port 2000 || timestamp: 11-02-2024 10:59:4 AM 
warn: DEV-Database connection Successfull || timestamp: 11-02-2024 10:59:4 AM 
info: Server is running on port 2000 || timestamp: 11-02-2024 10:59:13 AM 
warn: DEV-Database connection Successfull || timestamp: 11-02-2024 10:59:13 AM 
info: Blog data import API hit || timestamp: 11-02-2024 10:59:18 AM 
info: Data imported successfully || timestamp: 11-02-2024 10:59:18 AM 
info: Server is running on port 2000 || timestamp: 11-02-2024 10:59:33 AM 
warn: DEV-Database connection Successfull || timestamp: 11-02-2024 10:59:33 AM 
info: Blog data import API hit || timestamp: 11-02-2024 10:59:36 AM 
info: Data imported successfully || timestamp: 11-02-2024 10:59:36 AM 
info: Server is running on port 2000 || timestamp: 11-02-2024 11:00:8 AM 
warn: DEV-Database connection Successfull || timestamp: 11-02-2024 11:00:8 AM 
info: Blog data import API hit || timestamp: 11-02-2024 11:00:13 AM 
info: Data imported successfully || timestamp: 11-02-2024 11:00:13 AM 
info: Server is running on port 2000 || timestamp: 11-02-2024 11:19:46 AM 
warn: DEV-Database connection Successfull || timestamp: 11-02-2024 11:19:46 AM 
info: Server is running on port 2000 || timestamp: 11-02-2024 11:20:50 AM 
warn: DEV-Database connection Successfull || timestamp: 11-02-2024 11:20:50 AM 
info: Server is running on port 2000 || timestamp: 11-02-2024 11:21:39 AM 
warn: DEV-Database connection Successfull || timestamp: 11-02-2024 11:21:39 AM 
info: Server is running on port 2000 || timestamp: 11-02-2024 11:24:6 AM 
warn: DEV-Database connection Successfull || timestamp: 11-02-2024 11:24:7 AM 
error: Error getting posts: publishDate is not defined || timestamp: 11-02-2024 11:24:14 AM 
error: Error getting posts: publishDate is not defined || timestamp: 11-02-2024 11:24:14 AM 
info: Server is running on port 2000 || timestamp: 11-02-2024 11:24:51 AM 
warn: DEV-Database connection Successfull || timestamp: 11-02-2024 11:24:51 AM 
info: Server is running on port 2000 || timestamp: 11-02-2024 11:25:52 AM 
warn: DEV-Database connection Successfull || timestamp: 11-02-2024 11:25:52 AM 
info: Server is running on port 2000 || timestamp: 11-02-2024 11:27:58 AM 
warn: DEV-Database connection Successfull || timestamp: 11-02-2024 11:27:58 AM 
info: Server is running on port 2000 || timestamp: 11-02-2024 11:28:42 AM 
warn: DEV-Database connection Successfull || timestamp: 11-02-2024 11:28:42 AM 
info: Server is running on port 2000 || timestamp: 11-02-2024 11:29:5 AM 
warn: DEV-Database connection Successfull || timestamp: 11-02-2024 11:29:5 AM 
error: Error getting posts: Invalid sort value: { publishDate: dsc } || timestamp: 11-02-2024 11:29:7 AM 
error: Error getting posts: Invalid sort value: { publishDate: dsc } || timestamp: 11-02-2024 11:29:7 AM 
info: Server is running on port 2000 || timestamp: 11-02-2024 11:32:1 AM 
warn: DEV-Database connection Successfull || timestamp: 11-02-2024 11:32:1 AM 
info: Server is running on port 2000 || timestamp: 11-02-2024 11:33:35 AM 
warn: DEV-Database connection Successfull || timestamp: 11-02-2024 11:33:35 AM 
info: Server is running on port 2000 || timestamp: 11-02-2024 9:44:53 PM 
warn: DEV-Database connection Successfull || timestamp: 11-02-2024 9:44:53 PM 
info: Server is running on port 2000 || timestamp: 11-02-2024 10:18:58 PM 
warn: DEV-Database connection Successfull || timestamp: 11-02-2024 10:18:58 PM 
