info: Server is running on port 2000 || timestamp: 10-02-2024 10:20:36 AM 
warn: DEV-Database connection Successfull || timestamp: 10-02-2024 10:20:36 AM 
error: Error retrieving analytics data: 7 PERMISSION_DENIED: Google Analytics Data API has not been used in project 357221074662 before or it is disabled. Enable it by visiting https://console.developers.google.com/apis/api/analyticsdata.googleapis.com/overview?project=357221074662 then retry. If you enabled this API recently, wait a few minutes for the action to propagate to our systems and retry. || timestamp: 10-02-2024 10:20:38 AM 
info: Server is running on port 2000 || timestamp: 10-02-2024 10:22:8 AM 
warn: DEV-Database connection Successfull || timestamp: 10-02-2024 10:22:8 AM 
info: Response: || timestamp: 10-02-2024 10:22:10 AM 
info: Server is running on port 2000 || timestamp: 10-02-2024 10:23:41 AM 
warn: DEV-Database connection Successfull || timestamp: 10-02-2024 10:23:41 AM 
info: Response: || timestamp: 10-02-2024 10:23:43 AM 
info: Server is running on port 2000 || timestamp: 10-02-2024 10:23:59 AM 
warn: DEV-Database connection Successfull || timestamp: 10-02-2024 10:23:59 AM 
info: Response: || timestamp: 10-02-2024 10:24:0 AM 
info: Server is running on port 2000 || timestamp: 10-02-2024 10:57:48 AM 
warn: DEV-Database connection Successfull || timestamp: 10-02-2024 10:57:48 AM 
info: Response: || timestamp: 10-02-2024 10:57:50 AM 
info: Server is running on port 2000 || timestamp: 10-02-2024 10:59:45 AM 
warn: DEV-Database connection Successfull || timestamp: 10-02-2024 10:59:45 AM 
error: Error retrieving analytics data: 3 INVALID_ARGUMENT: Metric.name is required and must not be the empty string. || timestamp: 10-02-2024 10:59:46 AM 
info: Server is running on port 2000 || timestamp: 10-02-2024 11:00:14 AM 
warn: DEV-Database connection Successfull || timestamp: 10-02-2024 11:00:14 AM 
error: Error retrieving analytics data: 3 INVALID_ARGUMENT:  || timestamp: 10-02-2024 11:00:16 AM 
info: Server is running on port 2000 || timestamp: 10-02-2024 11:00:24 AM 
warn: DEV-Database connection Successfull || timestamp: 10-02-2024 11:00:24 AM 
error: Error retrieving analytics data: 3 INVALID_ARGUMENT:  || timestamp: 10-02-2024 11:00:25 AM 
info: Server is running on port 2000 || timestamp: 10-02-2024 11:00:28 AM 
warn: DEV-Database connection Successfull || timestamp: 10-02-2024 11:00:28 AM 
error: Error retrieving analytics data: 3 INVALID_ARGUMENT:  || timestamp: 10-02-2024 11:00:30 AM 
info: Server is running on port 2000 || timestamp: 10-02-2024 11:00:44 AM 
warn: DEV-Database connection Successfull || timestamp: 10-02-2024 11:00:44 AM 
error: Error retrieving analytics data: 3 INVALID_ARGUMENT:  || timestamp: 10-02-2024 11:00:44 AM 
info: Server is running on port 2000 || timestamp: 10-02-2024 11:03:22 AM 
warn: DEV-Database connection Successfull || timestamp: 10-02-2024 11:03:22 AM 
info: Response: || timestamp: 10-02-2024 11:03:24 AM 
info: Server is running on port 2000 || timestamp: 10-02-2024 11:04:30 AM 
warn: DEV-Database connection Successfull || timestamp: 10-02-2024 11:04:30 AM 
error: Error retrieving analytics data: Unable to load endpoint analyticsreporting("undefined"): ctr is not a constructor || timestamp: 10-02-2024 11:04:30 AM 
info: Server is running on port 2000 || timestamp: 10-02-2024 11:07:0 AM 
warn: DEV-Database connection Successfull || timestamp: 10-02-2024 11:07:0 AM 
error: Error retrieving analytics data: 3 INVALID_ARGUMENT:  || timestamp: 10-02-2024 11:07:1 AM 
info: Server is running on port 2000 || timestamp: 10-02-2024 11:07:22 AM 
warn: DEV-Database connection Successfull || timestamp: 10-02-2024 11:07:22 AM 
error: Error retrieving analytics data: 3 INVALID_ARGUMENT: The batchRunReportsRequest must contain at least one runReportRequest. || timestamp: 10-02-2024 11:07:23 AM 
info: Server is running on port 2000 || timestamp: 10-02-2024 11:07:57 AM 
warn: DEV-Database connection Successfull || timestamp: 10-02-2024 11:07:57 AM 
error: Error retrieving analytics data: 3 INVALID_ARGUMENT: The batchRunReportsRequest must contain at least one runReportRequest. || timestamp: 10-02-2024 11:07:58 AM 
info: Server is running on port 2000 || timestamp: 10-02-2024 11:08:17 AM 
warn: DEV-Database connection Successfull || timestamp: 10-02-2024 11:08:17 AM 
error: Error retrieving analytics data: 3 INVALID_ARGUMENT:  || timestamp: 10-02-2024 11:08:19 AM 
info: Server is running on port 2000 || timestamp: 10-02-2024 11:10:50 AM 
warn: DEV-Database connection Successfull || timestamp: 10-02-2024 11:10:50 AM 
error: Error retrieving analytics data: Invalid JSON payload received. Unknown name "name" at 'report_requests.metrics[0]': Cannot find field. || timestamp: 10-02-2024 11:10:51 AM 
info: Server is running on port 2000 || timestamp: 10-02-2024 11:11:15 AM 
warn: DEV-Database connection Successfull || timestamp: 10-02-2024 11:11:15 AM 
error: Error retrieving analytics data: Invalid JSON payload received. Unknown name "name" at 'report_requests.metrics[0]': Cannot find field. || timestamp: 10-02-2024 11:11:15 AM 
info: Server is running on port 2000 || timestamp: 10-02-2024 11:11:32 AM 
warn: DEV-Database connection Successfull || timestamp: 10-02-2024 11:11:32 AM 
error: Error retrieving analytics data: Invalid JSON payload received. Unknown name "name" at 'report_requests.metrics[0]': Cannot find field. || timestamp: 10-02-2024 11:11:33 AM 
info: Server is running on port 2000 || timestamp: 10-02-2024 11:11:40 AM 
warn: DEV-Database connection Successfull || timestamp: 10-02-2024 11:11:40 AM 
error: Error retrieving analytics data: Invalid JSON payload received. Unknown name "name" at 'report_requests.metrics[0]': Cannot find field. || timestamp: 10-02-2024 11:11:40 AM 
info: Server is running on port 2000 || timestamp: 10-02-2024 11:11:50 AM 
warn: DEV-Database connection Successfull || timestamp: 10-02-2024 11:11:50 AM 
error: Error retrieving analytics data: Invalid value 'properties/426943696' for viewId parameter. || timestamp: 10-02-2024 11:11:51 AM 
info: Server is running on port 2000 || timestamp: 10-02-2024 11:12:2 AM 
warn: DEV-Database connection Successfull || timestamp: 10-02-2024 11:12:2 AM 
error: Error retrieving analytics data: User does not have sufficient permissions for this profile. || timestamp: 10-02-2024 11:12:4 AM 
info: Server is running on port 2000 || timestamp: 10-02-2024 11:12:20 AM 
warn: DEV-Database connection Successfull || timestamp: 10-02-2024 11:12:20 AM 
error: Error retrieving analytics data: User does not have sufficient permissions for this profile. || timestamp: 10-02-2024 11:12:20 AM 
info: Server is running on port 2000 || timestamp: 10-02-2024 11:13:22 AM 
warn: DEV-Database connection Successfull || timestamp: 10-02-2024 11:13:22 AM 
info: Response: || timestamp: 10-02-2024 11:13:24 AM 
info: Server is running on port 2000 || timestamp: 10-02-2024 11:17:57 AM 
warn: DEV-Database connection Successfull || timestamp: 10-02-2024 11:17:57 AM 
info: Response: || timestamp: 10-02-2024 11:17:59 AM 
info: Server is running on port 2000 || timestamp: 10-02-2024 11:18:37 AM 
warn: DEV-Database connection Successfull || timestamp: 10-02-2024 11:18:37 AM 
info: Response: || timestamp: 10-02-2024 11:18:39 AM 
info: Server is running on port 2000 || timestamp: 10-02-2024 11:21:15 AM 
warn: DEV-Database connection Successfull || timestamp: 10-02-2024 11:21:15 AM 
error: Error retrieving analytics data: 3 INVALID_ARGUMENT:  || timestamp: 10-02-2024 11:21:16 AM 
info: Server is running on port 2000 || timestamp: 10-02-2024 11:21:41 AM 
warn: DEV-Database connection Successfull || timestamp: 10-02-2024 11:21:41 AM 
info: Response: || timestamp: 10-02-2024 11:21:42 AM 
info: Server is running on port 2000 || timestamp: 10-02-2024 11:46:26 AM 
warn: DEV-Database connection Successfull || timestamp: 10-02-2024 11:46:26 AM 
info: Response: || timestamp: 10-02-2024 11:46:28 AM 
info: Server is running on port 2000 || timestamp: 10-02-2024 11:46:42 AM 
warn: DEV-Database connection Successfull || timestamp: 10-02-2024 11:46:42 AM 
info: Server is running on port 2000 || timestamp: 10-02-2024 11:47:15 AM 
warn: DEV-Database connection Successfull || timestamp: 10-02-2024 11:47:15 AM 
info: Server is running on port 2000 || timestamp: 10-02-2024 11:47:36 AM 
warn: DEV-Database connection Successfull || timestamp: 10-02-2024 11:47:36 AM 
info: Server is running on port 2000 || timestamp: 10-02-2024 11:48:12 AM 
warn: DEV-Database connection Successfull || timestamp: 10-02-2024 11:48:12 AM 
info: Server is running on port 2000 || timestamp: 10-02-2024 11:48:38 AM 
warn: DEV-Database connection Successfull || timestamp: 10-02-2024 11:48:38 AM 
info: Server is running on port 2000 || timestamp: 10-02-2024 11:49:58 AM 
warn: DEV-Database connection Successfull || timestamp: 10-02-2024 11:49:59 AM 
info: Server is running on port 2000 || timestamp: 10-02-2024 11:51:1 AM 
warn: DEV-Database connection Successfull || timestamp: 10-02-2024 11:51:1 AM 
info: Server is running on port 2000 || timestamp: 10-02-2024 11:51:35 AM 
warn: DEV-Database connection Successfull || timestamp: 10-02-2024 11:51:35 AM 
info: Server is running on port 2000 || timestamp: 10-02-2024 11:51:40 AM 
warn: DEV-Database connection Successfull || timestamp: 10-02-2024 11:51:40 AM 
info: Server is running on port 2000 || timestamp: 10-02-2024 11:53:52 AM 
warn: DEV-Database connection Successfull || timestamp: 10-02-2024 11:53:52 AM 
info: Server is running on port 2000 || timestamp: 10-02-2024 11:54:35 AM 
warn: DEV-Database connection Successfull || timestamp: 10-02-2024 11:54:35 AM 
info: Server is running on port 2000 || timestamp: 10-02-2024 11:55:12 AM 
warn: DEV-Database connection Successfull || timestamp: 10-02-2024 11:55:12 AM 
info: Server is running on port 2000 || timestamp: 10-02-2024 11:55:28 AM 
warn: DEV-Database connection Successfull || timestamp: 10-02-2024 11:55:28 AM 
info: Server is running on port 2000 || timestamp: 10-02-2024 11:55:34 AM 
warn: DEV-Database connection Successfull || timestamp: 10-02-2024 11:55:34 AM 
info: Server is running on port 2000 || timestamp: 10-02-2024 11:55:42 AM 
warn: DEV-Database connection Successfull || timestamp: 10-02-2024 11:55:42 AM 
info: Server is running on port 2000 || timestamp: 10-02-2024 11:57:0 AM 
warn: DEV-Database connection Successfull || timestamp: 10-02-2024 11:57:0 AM 
info: Server is running on port 2000 || timestamp: 10-02-2024 11:57:10 AM 
warn: DEV-Database connection Successfull || timestamp: 10-02-2024 11:57:10 AM 
info: Server is running on port 2000 || timestamp: 10-02-2024 11:58:44 AM 
warn: DEV-Database connection Successfull || timestamp: 10-02-2024 11:58:44 AM 
info: Server is running on port 2000 || timestamp: 10-02-2024 12:08:26 PM 
warn: DEV-Database connection Successfull || timestamp: 10-02-2024 12:08:26 PM 
error: Error retrieving analytics data: 3 INVALID_ARGUMENT:  || timestamp: 10-02-2024 12:08:28 PM 
info: Server is running on port 2000 || timestamp: 10-02-2024 12:08:39 PM 
warn: DEV-Database connection Successfull || timestamp: 10-02-2024 12:08:40 PM 
info: Response: || timestamp: 10-02-2024 12:08:41 PM 
info: Server is running on port 2000 || timestamp: 10-02-2024 3:01:28 PM 
warn: DEV-Database connection Successfull || timestamp: 10-02-2024 3:01:28 PM 
info: Response: || timestamp: 10-02-2024 3:01:30 PM 
info: Server is running on port 2000 || timestamp: 10-02-2024 11:43:57 PM 
warn: DEV-Database connection Successfull || timestamp: 10-02-2024 11:43:57 PM 
info: Response: || timestamp: 10-02-2024 11:43:59 PM 
info: Server is running on port 2000 || timestamp: 10-02-2024 11:45:26 PM 
warn: DEV-Database connection Successfull || timestamp: 10-02-2024 11:45:26 PM 
info: Server is running on port 2000 || timestamp: 10-02-2024 11:45:40 PM 
warn: DEV-Database connection Successfull || timestamp: 10-02-2024 11:45:40 PM 
info: Server is running on port 2000 || timestamp: 10-02-2024 11:47:42 PM 
warn: DEV-Database connection Successfull || timestamp: 10-02-2024 11:47:42 PM 
info: Server is running on port 2000 || timestamp: 10-02-2024 11:47:48 PM 
warn: DEV-Database connection Successfull || timestamp: 10-02-2024 11:47:48 PM 
