info: Server is running on port 2000 || timestamp: 04-02-2024 3:12:18 PM 
info: Server is running on port 2000 || timestamp: 04-02-2024 3:47:51 PM 
info: Server is running on port 2000 || timestamp: 04-02-2024 3:49:6 PM 
info: Server is running on port 2000 || timestamp: 04-02-2024 3:49:55 PM 
info: Server is running on port 2000 || timestamp: 04-02-2024 3:53:20 PM 
info: Server is running on port 2000 || timestamp: 04-02-2024 3:53:36 PM 
warn: DEV-Database connection Successfull || timestamp: 04-02-2024 3:53:36 PM 
info: Server is running on port 2000 || timestamp: 04-02-2024 3:53:48 PM 
warn: DEV-Database connection Successfull || timestamp: 04-02-2024 3:53:48 PM 
info: Server is running on port 2000 || timestamp: 04-02-2024 3:54:4 PM 
warn: DEV-Database connection Successfull || timestamp: 04-02-2024 3:54:4 PM 
info: Server is running on port 2000 || timestamp: 04-02-2024 4:42:5 PM 
warn: DEV-Database connection Successfull || timestamp: 04-02-2024 4:42:5 PM 
info: Server is running on port 2000 || timestamp: 04-02-2024 6:57:46 PM 
warn: DEV-Database connection Successfull || timestamp: 04-02-2024 6:57:46 PM 
info: Server is running on port 2000 || timestamp: 04-02-2024 6:58:51 PM 
warn: DEV-Database connection Successfull || timestamp: 04-02-2024 6:58:51 PM 
info: Server is running on port undefined || timestamp: 04-02-2024 7:01:54 PM 
warn: DEV-Database connection Successfull || timestamp: 04-02-2024 7:01:54 PM 
info: Server is running on port 2000 || timestamp: 04-02-2024 7:02:31 PM 
warn: DEV-Database connection Successfull || timestamp: 04-02-2024 7:02:31 PM 
info: Server is running on port 2000 || timestamp: 04-02-2024 7:06:23 PM 
warn: DEV-Database connection Successfull || timestamp: 04-02-2024 7:06:23 PM 
info: Server is running on port 2000 || timestamp: 04-02-2024 7:08:32 PM 
warn: DEV-Database connection Successfull || timestamp: 04-02-2024 7:08:32 PM 
info: Server is running on port 2000 || timestamp: 04-02-2024 7:13:19 PM 
warn: DEV-Database connection Successfull || timestamp: 04-02-2024 7:13:19 PM 
info: Server is running on port 2000 || timestamp: 04-02-2024 7:13:34 PM 
warn: DEV-Database connection Successfull || timestamp: 04-02-2024 7:13:34 PM 
info: Server is running on port 2000 || timestamp: 04-02-2024 7:14:12 PM 
warn: DEV-Database connection Successfull || timestamp: 04-02-2024 7:14:12 PM 
info: Server is running on port 2000 || timestamp: 04-02-2024 7:14:28 PM 
warn: DEV-Database connection Successfull || timestamp: 04-02-2024 7:14:28 PM 
info: Server is running on port 2000 || timestamp: 04-02-2024 7:14:37 PM 
warn: DEV-Database connection Successfull || timestamp: 04-02-2024 7:14:37 PM 
info: api hit || timestamp: 04-02-2024 7:14:41 PM 
info: Server is running on port 2000 || timestamp: 04-02-2024 7:15:19 PM 
warn: DEV-Database connection Successfull || timestamp: 04-02-2024 7:15:19 PM 
info: api hit || timestamp: 04-02-2024 7:15:24 PM 
error: Cannot read properties of undefined (reading 'item') || timestamp: 04-02-2024 7:15:24 PM 
info: Server is running on port 2000 || timestamp: 04-02-2024 7:15:52 PM 
warn: DEV-Database connection Successfull || timestamp: 04-02-2024 7:15:52 PM 
info: api hit || timestamp: 04-02-2024 7:15:56 PM 
info: Server is running on port 2000 || timestamp: 04-02-2024 7:21:0 PM 
warn: DEV-Database connection Successfull || timestamp: 04-02-2024 7:21:0 PM 
info: api hit || timestamp: 04-02-2024 7:21:3 PM 
info: Server is running on port 2000 || timestamp: 04-02-2024 7:24:20 PM 
warn: DEV-Database connection Successfull || timestamp: 04-02-2024 7:24:20 PM 
info: api hit || timestamp: 04-02-2024 7:24:32 PM 
info: Server is running on port 2000 || timestamp: 04-02-2024 7:41:56 PM 
warn: DEV-Database connection Successfull || timestamp: 04-02-2024 7:41:56 PM 
info: Server is running on port 2000 || timestamp: 04-02-2024 7:43:17 PM 
warn: DEV-Database connection Successfull || timestamp: 04-02-2024 7:43:17 PM 
info: Server is running on port 2000 || timestamp: 04-02-2024 7:43:29 PM 
warn: DEV-Database connection Successfull || timestamp: 04-02-2024 7:43:29 PM 
info: api hit || timestamp: 04-02-2024 7:44:3 PM 
error: Cannot read properties of undefined (reading 'map') || timestamp: 04-02-2024 7:44:3 PM 
info: api hit || timestamp: 04-02-2024 7:44:23 PM 
info: Server is running on port 2000 || timestamp: 04-02-2024 7:45:3 PM 
warn: DEV-Database connection Successfull || timestamp: 04-02-2024 7:45:3 PM 
info: api hit || timestamp: 04-02-2024 7:45:6 PM 
info: Server is running on port 2000 || timestamp: 04-02-2024 7:45:59 PM 
warn: DEV-Database connection Successfull || timestamp: 04-02-2024 7:45:59 PM 
info: Server is running on port 2000 || timestamp: 04-02-2024 7:47:41 PM 
warn: DEV-Database connection Successfull || timestamp: 04-02-2024 7:47:41 PM 
info: Server is running on port 2000 || timestamp: 04-02-2024 7:47:51 PM 
warn: DEV-Database connection Successfull || timestamp: 04-02-2024 7:47:51 PM 
info: Server is running on port 2000 || timestamp: 04-02-2024 7:47:51 PM 
warn: DEV-Database connection Successfull || timestamp: 04-02-2024 7:47:51 PM 
info: Server is running on port 2000 || timestamp: 04-02-2024 7:51:1 PM 
warn: DEV-Database connection Successfull || timestamp: 04-02-2024 7:51:1 PM 
info: Server is running on port 2000 || timestamp: 04-02-2024 7:51:22 PM 
warn: DEV-Database connection Successfull || timestamp: 04-02-2024 7:51:22 PM 
info: Server is running on port 2000 || timestamp: 04-02-2024 7:53:13 PM 
warn: DEV-Database connection Successfull || timestamp: 04-02-2024 7:53:13 PM 
info: Server is running on port 2000 || timestamp: 04-02-2024 7:58:0 PM 
warn: DEV-Database connection Successfull || timestamp: 04-02-2024 7:58:0 PM 
info: Server is running on port 2000 || timestamp: 04-02-2024 8:03:27 PM 
warn: DEV-Database connection Successfull || timestamp: 04-02-2024 8:03:27 PM 
info: Server is running on port 2000 || timestamp: 04-02-2024 8:03:57 PM 
warn: DEV-Database connection Successfull || timestamp: 04-02-2024 8:03:57 PM 
info: Server is running on port 2000 || timestamp: 04-02-2024 8:04:14 PM 
warn: DEV-Database connection Successfull || timestamp: 04-02-2024 8:04:14 PM 
info: Server is running on port 2000 || timestamp: 04-02-2024 8:04:59 PM 
warn: DEV-Database connection Successfull || timestamp: 04-02-2024 8:04:59 PM 
info: api hit || timestamp: 04-02-2024 8:05:6 PM 
error: index is not defined || timestamp: 04-02-2024 8:05:6 PM 
info: Server is running on port 2000 || timestamp: 04-02-2024 8:05:20 PM 
warn: DEV-Database connection Successfull || timestamp: 04-02-2024 8:05:20 PM 
info: api hit || timestamp: 04-02-2024 8:05:23 PM 
info: Server is running on port 2000 || timestamp: 04-02-2024 8:05:39 PM 
warn: DEV-Database connection Successfull || timestamp: 04-02-2024 8:05:39 PM 
info: Server is running on port 2000 || timestamp: 04-02-2024 8:06:11 PM 
warn: DEV-Database connection Successfull || timestamp: 04-02-2024 8:06:11 PM 
info: Server is running on port 2000 || timestamp: 04-02-2024 8:06:58 PM 
warn: DEV-Database connection Successfull || timestamp: 04-02-2024 8:06:58 PM 
info: api hit || timestamp: 04-02-2024 8:07:1 PM 
error: Converting circular structure to JSON
    --> starting at object with constructor 'MongoClient'
    |     property 's' -> object with constructor 'Object'
    |     property 'sessionPool' -> object with constructor 'ServerSessionPool'
    --- property 'client' closes the circle || timestamp: 04-02-2024 8:07:1 PM 
info: Server is running on port 2000 || timestamp: 04-02-2024 8:07:51 PM 
warn: DEV-Database connection Successfull || timestamp: 04-02-2024 8:07:51 PM 
info: api hit || timestamp: 04-02-2024 8:07:57 PM 
error: Converting circular structure to JSON
    --> starting at object with constructor 'MongoClient'
    |     property 's' -> object with constructor 'Object'
    |     property 'sessionPool' -> object with constructor 'ServerSessionPool'
    --- property 'client' closes the circle || timestamp: 04-02-2024 8:07:57 PM 
info: Server is running on port 2000 || timestamp: 04-02-2024 8:09:23 PM 
warn: DEV-Database connection Successfull || timestamp: 04-02-2024 8:09:23 PM 
info: api hit || timestamp: 04-02-2024 8:09:26 PM 
error: Converting circular structure to JSON
    --> starting at object with constructor 'MongoClient'
    |     property 's' -> object with constructor 'Object'
    |     property 'sessionPool' -> object with constructor 'ServerSessionPool'
    --- property 'client' closes the circle || timestamp: 04-02-2024 8:09:26 PM 
info: Server is running on port 2000 || timestamp: 04-02-2024 8:12:12 PM 
warn: DEV-Database connection Successfull || timestamp: 04-02-2024 8:12:12 PM 
info: Server is running on port 2000 || timestamp: 04-02-2024 8:12:23 PM 
warn: DEV-Database connection Successfull || timestamp: 04-02-2024 8:12:23 PM 
info: Server is running on port 2000 || timestamp: 04-02-2024 8:12:31 PM 
warn: DEV-Database connection Successfull || timestamp: 04-02-2024 8:12:31 PM 
info: api hit || timestamp: 04-02-2024 8:12:38 PM 
error: Cannot read properties of undefined (reading 'map') || timestamp: 04-02-2024 8:12:38 PM 
info: Server is running on port 2000 || timestamp: 04-02-2024 8:13:26 PM 
warn: DEV-Database connection Successfull || timestamp: 04-02-2024 8:13:26 PM 
info: api hit || timestamp: 04-02-2024 8:13:42 PM 
info: Server is running on port 2000 || timestamp: 04-02-2024 8:16:44 PM 
warn: DEV-Database connection Successfull || timestamp: 04-02-2024 8:16:44 PM 
info: Server is running on port 2000 || timestamp: 04-02-2024 8:24:24 PM 
warn: DEV-Database connection Successfull || timestamp: 04-02-2024 8:24:24 PM 
info: api hit || timestamp: 04-02-2024 8:25:2 PM 
info: Server is running on port 2000 || timestamp: 04-02-2024 8:28:9 PM 
warn: DEV-Database connection Successfull || timestamp: 04-02-2024 8:28:9 PM 
info: Server is running on port 2000 || timestamp: 04-02-2024 8:28:17 PM 
warn: DEV-Database connection Successfull || timestamp: 04-02-2024 8:28:17 PM 
info: api hit || timestamp: 04-02-2024 8:28:24 PM 
info: Server is running on port 2000 || timestamp: 04-02-2024 8:29:26 PM 
warn: DEV-Database connection Successfull || timestamp: 04-02-2024 8:29:26 PM 
info: Server is running on port 2000 || timestamp: 04-02-2024 8:29:35 PM 
warn: DEV-Database connection Successfull || timestamp: 04-02-2024 8:29:35 PM 
info: Server is running on port 2000 || timestamp: 04-02-2024 8:30:48 PM 
warn: DEV-Database connection Successfull || timestamp: 04-02-2024 8:30:49 PM 
info: Server is running on port 2000 || timestamp: 04-02-2024 8:30:59 PM 
warn: DEV-Database connection Successfull || timestamp: 04-02-2024 8:30:59 PM 
info: Server is running on port 2000 || timestamp: 04-02-2024 8:32:53 PM 
warn: DEV-Database connection Successfull || timestamp: 04-02-2024 8:32:53 PM 
info: Server is running on port 2000 || timestamp: 04-02-2024 10:03:39 PM 
warn: DEV-Database connection Successfull || timestamp: 04-02-2024 10:03:39 PM 
info: Server is running on port 2000 || timestamp: 04-02-2024 10:12:0 PM 
warn: DEV-Database connection Successfull || timestamp: 04-02-2024 10:12:0 PM 
info: api hit || timestamp: 04-02-2024 10:12:8 PM 
info: Server is running on port 2000 || timestamp: 04-02-2024 10:21:34 PM 
warn: DEV-Database connection Successfull || timestamp: 04-02-2024 10:21:34 PM 
info: api hit || timestamp: 04-02-2024 10:21:40 PM 
info: Server is running on port 2000 || timestamp: 04-02-2024 10:26:22 PM 
warn: DEV-Database connection Successfull || timestamp: 04-02-2024 10:26:22 PM 
info: api hit || timestamp: 04-02-2024 10:26:31 PM 
info: Server is running on port 2000 || timestamp: 04-02-2024 10:27:6 PM 
warn: DEV-Database connection Successfull || timestamp: 04-02-2024 10:27:6 PM 
info: api hit || timestamp: 04-02-2024 10:27:14 PM 
info: Server is running on port 2000 || timestamp: 04-02-2024 10:41:9 PM 
warn: DEV-Database connection Successfull || timestamp: 04-02-2024 10:41:9 PM 
info: api hit || timestamp: 04-02-2024 10:41:15 PM 
info: Server is running on port 2000 || timestamp: 04-02-2024 10:41:42 PM 
warn: DEV-Database connection Successfull || timestamp: 04-02-2024 10:41:42 PM 
info: api hit || timestamp: 04-02-2024 10:41:46 PM 
info: Server is running on port 2000 || timestamp: 04-02-2024 10:42:15 PM 
warn: DEV-Database connection Successfull || timestamp: 04-02-2024 10:42:15 PM 
info: Server is running on port 2000 || timestamp: 04-02-2024 10:44:3 PM 
warn: DEV-Database connection Successfull || timestamp: 04-02-2024 10:44:3 PM 
info: api hit || timestamp: 04-02-2024 10:44:8 PM 
info: Server is running on port 2000 || timestamp: 04-02-2024 10:49:29 PM 
warn: DEV-Database connection Successfull || timestamp: 04-02-2024 10:49:29 PM 
info: Server is running on port 2000 || timestamp: 04-02-2024 10:49:44 PM 
warn: DEV-Database connection Successfull || timestamp: 04-02-2024 10:49:44 PM 
info: api hit || timestamp: 04-02-2024 10:49:48 PM 
info: Server is running on port 2000 || timestamp: 04-02-2024 10:50:20 PM 
warn: DEV-Database connection Successfull || timestamp: 04-02-2024 10:50:20 PM 
info: Server is running on port 2000 || timestamp: 04-02-2024 10:50:23 PM 
warn: DEV-Database connection Successfull || timestamp: 04-02-2024 10:50:23 PM 
info: Server is running on port 2000 || timestamp: 04-02-2024 10:50:55 PM 
warn: DEV-Database connection Successfull || timestamp: 04-02-2024 10:50:55 PM 
info: api hit || timestamp: 04-02-2024 10:51:0 PM 
info: Server is running on port 2000 || timestamp: 04-02-2024 10:51:20 PM 
warn: DEV-Database connection Successfull || timestamp: 04-02-2024 10:51:20 PM 
info: Server is running on port 2000 || timestamp: 04-02-2024 10:51:45 PM 
warn: DEV-Database connection Successfull || timestamp: 04-02-2024 10:51:45 PM 
info: api hit || timestamp: 04-02-2024 10:51:53 PM 
info: Server is running on port 2000 || timestamp: 04-02-2024 10:52:30 PM 
warn: DEV-Database connection Successfull || timestamp: 04-02-2024 10:52:30 PM 
info: api hit || timestamp: 04-02-2024 10:52:34 PM 
info: Server is running on port 2000 || timestamp: 04-02-2024 10:53:3 PM 
warn: DEV-Database connection Successfull || timestamp: 04-02-2024 10:53:3 PM 
info: api hit || timestamp: 04-02-2024 10:53:14 PM 
info: Server is running on port 2000 || timestamp: 04-02-2024 10:53:59 PM 
warn: DEV-Database connection Successfull || timestamp: 04-02-2024 10:53:59 PM 
info: Server is running on port 2000 || timestamp: 04-02-2024 10:54:4 PM 
warn: DEV-Database connection Successfull || timestamp: 04-02-2024 10:54:4 PM 
info: api hit || timestamp: 04-02-2024 10:54:10 PM 
info: Server is running on port 2000 || timestamp: 04-02-2024 10:55:12 PM 
warn: DEV-Database connection Successfull || timestamp: 04-02-2024 10:55:12 PM 
info: Server is running on port 2000 || timestamp: 04-02-2024 10:55:22 PM 
warn: DEV-Database connection Successfull || timestamp: 04-02-2024 10:55:22 PM 
info: api hit || timestamp: 04-02-2024 10:55:25 PM 
info: Server is running on port 2000 || timestamp: 04-02-2024 10:56:0 PM 
warn: DEV-Database connection Successfull || timestamp: 04-02-2024 10:56:0 PM 
info: api hit || timestamp: 04-02-2024 10:56:4 PM 
info: Server is running on port 2000 || timestamp: 04-02-2024 10:57:9 PM 
warn: DEV-Database connection Successfull || timestamp: 04-02-2024 10:57:9 PM 
info: api hit || timestamp: 04-02-2024 10:57:14 PM 
info: Server is running on port 2000 || timestamp: 04-02-2024 10:58:19 PM 
warn: DEV-Database connection Successfull || timestamp: 04-02-2024 10:58:19 PM 
info: api hit || timestamp: 04-02-2024 10:58:23 PM 
info: Server is running on port 2000 || timestamp: 04-02-2024 10:59:2 PM 
warn: DEV-Database connection Successfull || timestamp: 04-02-2024 10:59:2 PM 
info: api hit || timestamp: 04-02-2024 10:59:6 PM 
info: Server is running on port 2000 || timestamp: 04-02-2024 11:00:37 PM 
warn: DEV-Database connection Successfull || timestamp: 04-02-2024 11:00:37 PM 
info: api hit || timestamp: 04-02-2024 11:00:41 PM 
info: Server is running on port 2000 || timestamp: 04-02-2024 11:04:47 PM 
warn: DEV-Database connection Successfull || timestamp: 04-02-2024 11:04:47 PM 
info: Server is running on port 2000 || timestamp: 04-02-2024 11:12:0 PM 
warn: DEV-Database connection Successfull || timestamp: 04-02-2024 11:12:0 PM 
info: Server is running on port 2000 || timestamp: 04-02-2024 11:12:31 PM 
warn: DEV-Database connection Successfull || timestamp: 04-02-2024 11:12:32 PM 
info: Server is running on port 2000 || timestamp: 04-02-2024 11:12:32 PM 
warn: DEV-Database connection Successfull || timestamp: 04-02-2024 11:12:32 PM 
info: Server is running on port 2000 || timestamp: 04-02-2024 11:16:47 PM 
warn: DEV-Database connection Successfull || timestamp: 04-02-2024 11:16:47 PM 
info: Server is running on port 2000 || timestamp: 04-02-2024 11:17:34 PM 
warn: DEV-Database connection Successfull || timestamp: 04-02-2024 11:17:34 PM 
info: Server is running on port 2000 || timestamp: 04-02-2024 11:24:41 PM 
warn: DEV-Database connection Successfull || timestamp: 04-02-2024 11:24:42 PM 
info: api hit || timestamp: 04-02-2024 11:25:0 PM 
error: postItem.map is not a function || timestamp: 04-02-2024 11:25:0 PM 
info: Server is running on port 2000 || timestamp: 04-02-2024 11:25:39 PM 
warn: DEV-Database connection Successfull || timestamp: 04-02-2024 11:25:39 PM 
info: api hit || timestamp: 04-02-2024 11:25:44 PM 
error: Cannot read properties of undefined (reading 'map') || timestamp: 04-02-2024 11:25:44 PM 
info: Server is running on port 2000 || timestamp: 04-02-2024 11:27:28 PM 
warn: DEV-Database connection Successfull || timestamp: 04-02-2024 11:27:28 PM 
info: Server is running on port 2000 || timestamp: 04-02-2024 11:27:39 PM 
warn: DEV-Database connection Successfull || timestamp: 04-02-2024 11:27:39 PM 
info: api hit || timestamp: 04-02-2024 11:28:8 PM 
error: Cannot read properties of undefined (reading 'map') || timestamp: 04-02-2024 11:28:8 PM 
info: Server is running on port 2000 || timestamp: 04-02-2024 11:29:13 PM 
warn: DEV-Database connection Successfull || timestamp: 04-02-2024 11:29:13 PM 
info: Server is running on port 2000 || timestamp: 04-02-2024 11:29:22 PM 
warn: DEV-Database connection Successfull || timestamp: 04-02-2024 11:29:22 PM 
info: api hit || timestamp: 04-02-2024 11:29:26 PM 
error: Cannot read properties of undefined (reading '__cdata') || timestamp: 04-02-2024 11:29:26 PM 
info: Server is running on port 2000 || timestamp: 04-02-2024 11:31:57 PM 
warn: DEV-Database connection Successfull || timestamp: 04-02-2024 11:31:57 PM 
info: Server is running on port 2000 || timestamp: 04-02-2024 11:32:53 PM 
warn: DEV-Database connection Successfull || timestamp: 04-02-2024 11:32:53 PM 
info: api hit || timestamp: 04-02-2024 11:33:5 PM 
error: Cannot read properties of undefined (reading '__cdata') || timestamp: 04-02-2024 11:33:5 PM 
info: Server is running on port 2000 || timestamp: 04-02-2024 11:35:45 PM 
warn: DEV-Database connection Successfull || timestamp: 04-02-2024 11:35:45 PM 
info: Server is running on port 2000 || timestamp: 04-02-2024 11:36:8 PM 
warn: DEV-Database connection Successfull || timestamp: 04-02-2024 11:36:8 PM 
info: api hit || timestamp: 04-02-2024 11:36:16 PM 
error: Cannot read properties of undefined (reading '__cdata') || timestamp: 04-02-2024 11:36:16 PM 
info: Server is running on port 2000 || timestamp: 04-02-2024 11:36:44 PM 
warn: DEV-Database connection Successfull || timestamp: 04-02-2024 11:36:44 PM 
info: api hit || timestamp: 04-02-2024 11:36:47 PM 
error: Cannot read properties of undefined (reading '__cdata') || timestamp: 04-02-2024 11:36:47 PM 
info: Server is running on port 2000 || timestamp: 04-02-2024 11:39:1 PM 
warn: DEV-Database connection Successfull || timestamp: 04-02-2024 11:39:1 PM 
info: Server is running on port 2000 || timestamp: 04-02-2024 11:39:26 PM 
warn: DEV-Database connection Successfull || timestamp: 04-02-2024 11:39:26 PM 
info: api hit || timestamp: 04-02-2024 11:39:31 PM 
error: Cannot read properties of undefined (reading '__cdata') || timestamp: 04-02-2024 11:39:31 PM 
info: Server is running on port 2000 || timestamp: 04-02-2024 11:39:48 PM 
warn: DEV-Database connection Successfull || timestamp: 04-02-2024 11:39:48 PM 
info: api hit || timestamp: 04-02-2024 11:39:53 PM 
error: Cannot read properties of undefined (reading '__cdata') || timestamp: 04-02-2024 11:39:53 PM 
info: Server is running on port 2000 || timestamp: 04-02-2024 11:40:4 PM 
warn: DEV-Database connection Successfull || timestamp: 04-02-2024 11:40:4 PM 
info: api hit || timestamp: 04-02-2024 11:40:8 PM 
error: postData is not defined || timestamp: 04-02-2024 11:40:8 PM 
info: Server is running on port 2000 || timestamp: 04-02-2024 11:40:59 PM 
warn: DEV-Database connection Successfull || timestamp: 04-02-2024 11:40:59 PM 
info: Server is running on port 2000 || timestamp: 04-02-2024 11:41:11 PM 
warn: DEV-Database connection Successfull || timestamp: 04-02-2024 11:41:11 PM 
info: api hit || timestamp: 04-02-2024 11:41:15 PM 
info: Server is running on port 2000 || timestamp: 04-02-2024 11:42:15 PM 
warn: DEV-Database connection Successfull || timestamp: 04-02-2024 11:42:15 PM 
info: Server is running on port 2000 || timestamp: 04-02-2024 11:42:26 PM 
warn: DEV-Database connection Successfull || timestamp: 04-02-2024 11:42:26 PM 
info: Server is running on port 2000 || timestamp: 04-02-2024 11:42:55 PM 
warn: DEV-Database connection Successfull || timestamp: 04-02-2024 11:42:55 PM 
info: Server is running on port 2000 || timestamp: 04-02-2024 11:43:50 PM 
warn: DEV-Database connection Successfull || timestamp: 04-02-2024 11:43:50 PM 
info: Server is running on port 2000 || timestamp: 04-02-2024 11:43:57 PM 
warn: DEV-Database connection Successfull || timestamp: 04-02-2024 11:43:57 PM 
info: api hit || timestamp: 04-02-2024 11:44:2 PM 
error: Cannot read properties of undefined (reading '__cdata') || timestamp: 04-02-2024 11:44:2 PM 
info: Server is running on port 2000 || timestamp: 04-02-2024 11:45:2 PM 
warn: DEV-Database connection Successfull || timestamp: 04-02-2024 11:45:2 PM 
info: api hit || timestamp: 04-02-2024 11:45:11 PM 
error: Cannot read properties of undefined (reading '__cdata') || timestamp: 04-02-2024 11:45:11 PM 
info: Server is running on port 2000 || timestamp: 04-02-2024 11:46:8 PM 
warn: DEV-Database connection Successfull || timestamp: 04-02-2024 11:46:8 PM 
info: Server is running on port 2000 || timestamp: 04-02-2024 11:46:11 PM 
warn: DEV-Database connection Successfull || timestamp: 04-02-2024 11:46:11 PM 
info: api hit || timestamp: 04-02-2024 11:46:14 PM 
error: postItem.comment?.map is not a function || timestamp: 04-02-2024 11:46:14 PM 
info: Server is running on port 2000 || timestamp: 04-02-2024 11:46:23 PM 
warn: DEV-Database connection Successfull || timestamp: 04-02-2024 11:46:23 PM 
info: api hit || timestamp: 04-02-2024 11:46:29 PM 
error: Cannot read properties of undefined (reading 'map') || timestamp: 04-02-2024 11:46:29 PM 
info: Server is running on port 2000 || timestamp: 04-02-2024 11:47:4 PM 
warn: DEV-Database connection Successfull || timestamp: 04-02-2024 11:47:4 PM 
info: Server is running on port 2000 || timestamp: 04-02-2024 11:47:32 PM 
warn: DEV-Database connection Successfull || timestamp: 04-02-2024 11:47:32 PM 
info: api hit || timestamp: 04-02-2024 11:47:38 PM 
error: postItem.comment?.map is not a function || timestamp: 04-02-2024 11:47:38 PM 
info: Server is running on port 2000 || timestamp: 04-02-2024 11:52:12 PM 
warn: DEV-Database connection Successfull || timestamp: 04-02-2024 11:52:12 PM 
info: Server is running on port 2000 || timestamp: 04-02-2024 11:52:21 PM 
warn: DEV-Database connection Successfull || timestamp: 04-02-2024 11:52:21 PM 
info: api hit || timestamp: 04-02-2024 11:52:32 PM 
error: postItem.comment?.map is not a function || timestamp: 04-02-2024 11:52:32 PM 
info: Server is running on port 2000 || timestamp: 04-02-2024 11:54:5 PM 
warn: DEV-Database connection Successfull || timestamp: 04-02-2024 11:54:5 PM 
info: api hit || timestamp: 04-02-2024 11:54:10 PM 
info: Server is running on port 2000 || timestamp: 04-02-2024 11:55:19 PM 
warn: DEV-Database connection Successfull || timestamp: 04-02-2024 11:55:19 PM 
info: api hit || timestamp: 04-02-2024 11:55:24 PM 
error: postItem.comment?.map is not a function || timestamp: 04-02-2024 11:55:24 PM 
info: Server is running on port 2000 || timestamp: 04-02-2024 11:56:11 PM 
warn: DEV-Database connection Successfull || timestamp: 04-02-2024 11:56:11 PM 
info: api hit || timestamp: 04-02-2024 11:56:15 PM 
error: Cannot read properties of undefined (reading 'length') || timestamp: 04-02-2024 11:56:15 PM 
info: Server is running on port 2000 || timestamp: 04-02-2024 11:56:39 PM 
warn: DEV-Database connection Successfull || timestamp: 04-02-2024 11:56:39 PM 
info: api hit || timestamp: 04-02-2024 11:56:45 PM 
error: postItem.comment?.map is not a function || timestamp: 04-02-2024 11:56:45 PM 
info: Server is running on port 2000 || timestamp: 04-02-2024 11:57:20 PM 
warn: DEV-Database connection Successfull || timestamp: 04-02-2024 11:57:20 PM 
info: api hit || timestamp: 04-02-2024 11:57:24 PM 
error: postItem.comment?.map is not a function || timestamp: 04-02-2024 11:57:24 PM 
info: Server is running on port 2000 || timestamp: 04-02-2024 11:58:13 PM 
warn: DEV-Database connection Successfull || timestamp: 04-02-2024 11:58:13 PM 
info: api hit || timestamp: 04-02-2024 11:58:19 PM 
error: Cannot read properties of undefined (reading 'lenght') || timestamp: 04-02-2024 11:58:19 PM 
info: Server is running on port 2000 || timestamp: 04-02-2024 11:58:24 PM 
warn: DEV-Database connection Successfull || timestamp: 04-02-2024 11:58:24 PM 
info: api hit || timestamp: 04-02-2024 11:58:28 PM 
error: Cannot read properties of undefined (reading 'length') || timestamp: 04-02-2024 11:58:28 PM 
